<?xml version="1.0" encoding="UTF-8"?>
<robot generator="Robot 5.0.1 (Python 3.11.0 on win32)" generated="20230110 15:44:15.858" rpa="false" schemaversion="3">
<suite id="s1" name="Regression Test MyCorporate DBD Profile" source="C:\Users\nerubon\Desktop\CCIS_total\taas-at-fine-esd-ccis\TestSuites\Regression_Test_MyCorporate_DBD_Profile.robot">
<test id="s1-t1" name="MyCorporate_DBDProfile_pattp070121001_001" line="13">
<kw name="Open web and user login :" library="MyCorporate_Common_Keywords">
<arg>${url_mycorporate}</arg>
<arg>${User_chanawam}</arg>
<kw name="Open Browser Chrome" library="MyCorporate_Common_Keywords">
<arg>${url_mycorporate}</arg>
<kw name="Evaluate" library="BuiltIn">
<var>${chrome_options}</var>
<arg>sys.modules['selenium.webdriver'].ChromeOptions()</arg>
<arg>sys, selenium.webdriver</arg>
<doc>Evaluates the given expression in Python and returns the result.</doc>
<msg timestamp="20230110 15:44:16.451" level="INFO">${chrome_options} = &lt;selenium.webdriver.chrome.options.Options object at 0x000001EC0CB07090&gt;</msg>
<status status="PASS" starttime="20230110 15:44:16.450" endtime="20230110 15:44:16.451"/>
</kw>
<kw name="Create List" library="BuiltIn">
<var>${disabled}</var>
<arg>Chrome PDF Viewer</arg>
<doc>Returns a list containing given items.</doc>
<msg timestamp="20230110 15:44:16.451" level="INFO">${disabled} = ['Chrome PDF Viewer']</msg>
<status status="PASS" starttime="20230110 15:44:16.451" endtime="20230110 15:44:16.451"/>
</kw>
<kw name="Create Dictionary" library="BuiltIn">
<var>${prefs}</var>
<arg>download.prompt_for_download=${FALSE}</arg>
<arg>download.directory_upgrade=${TRUE}</arg>
<arg>download.default_directory=C:\\Users\\nerubon\\Desktop\\CCIS_total\\taas-at-fine-esd-ccis\\Resources\\Keywords\\Download</arg>
<arg>safebrowsing.enabled=${TRUE}</arg>
<doc>Creates and returns a dictionary based on the given ``items``.</doc>
<msg timestamp="20230110 15:44:16.452" level="INFO">${prefs} = {'download.prompt_for_download': False, 'download.directory_upgrade': True, 'download.default_directory': 'C:\\Users\\nerubon\\Desktop\\CCIS_total\\taas-at-fine-esd-ccis\\Resources\\Keywords\\Download...</msg>
<status status="PASS" starttime="20230110 15:44:16.451" endtime="20230110 15:44:16.452"/>
</kw>
<kw name="Call Method" library="BuiltIn">
<arg>${CHROME_OPTIONS}</arg>
<arg>add_experimental_option</arg>
<arg>prefs</arg>
<arg>${prefs}</arg>
<doc>Calls the named method of the given object with the provided arguments.</doc>
<status status="PASS" starttime="20230110 15:44:16.452" endtime="20230110 15:44:16.452"/>
</kw>
<kw name="Call Method" library="BuiltIn">
<arg>${chrome_options}</arg>
<arg>add_argument</arg>
<arg>--ignore-certificate-errors</arg>
<doc>Calls the named method of the given object with the provided arguments.</doc>
<status status="PASS" starttime="20230110 15:44:16.452" endtime="20230110 15:44:16.452"/>
</kw>
<kw name="Create Webdriver" library="Selenium2Library">
<arg>Chrome</arg>
<arg>chrome_options=${chrome_options}</arg>
<doc>Creates an instance of Selenium WebDriver.</doc>
<msg timestamp="20230110 15:44:16.453" level="INFO">Creating an instance of the Chrome WebDriver.</msg>
<status status="PASS" starttime="20230110 15:44:16.452" endtime="20230110 15:44:18.010"/>
</kw>
<kw name="Go To" library="Selenium2Library">
<arg>${_url}</arg>
<doc>Navigates the current browser window to the provided ``url``.</doc>
<msg timestamp="20230110 15:44:18.011" level="INFO">Opening url 'https://test-mycorporate.intra.ais/Portal/Employee'</msg>
<status status="PASS" starttime="20230110 15:44:18.010" endtime="20230110 15:44:21.147"/>
</kw>
<kw name="Maximize Browser Window" library="Selenium2Library">
<doc>Maximizes current browser window.</doc>
<status status="PASS" starttime="20230110 15:44:21.147" endtime="20230110 15:44:21.278"/>
</kw>
<status status="PASS" starttime="20230110 15:44:16.449" endtime="20230110 15:44:21.279"/>
</kw>
<kw name="Login to mycorporate :" library="MyCorporate_Common_Keywords">
<arg>${User_name}</arg>
<kw name="Split Data Test :" library="MyCorporate_Common_Keywords">
<arg>${inputUser}</arg>
<kw name="Create List" library="BuiltIn">
<var>@{list_data}</var>
<arg>${inputData}</arg>
<doc>Returns a list containing given items.</doc>
<msg timestamp="20230110 15:44:21.280" level="INFO">@{list_data} = [ chanawam|chanawam ]</msg>
<status status="PASS" starttime="20230110 15:44:21.280" endtime="20230110 15:44:21.280"/>
</kw>
<kw name="Log" library="BuiltIn">
<arg>${list_data}</arg>
<doc>Logs the given message with the given level.</doc>
<msg timestamp="20230110 15:44:21.280" level="INFO">['chanawam|chanawam']</msg>
<status status="PASS" starttime="20230110 15:44:21.280" endtime="20230110 15:44:21.280"/>
</kw>
<kw name="Split String" library="String">
<var>@{Data}</var>
<arg>${list_data[${0}]}</arg>
<arg>|</arg>
<doc>Splits the ``string`` using ``separator`` as a delimiter string.</doc>
<msg timestamp="20230110 15:44:21.295" level="INFO">@{Data} = [ chanawam | chanawam ]</msg>
<status status="PASS" starttime="20230110 15:44:21.280" endtime="20230110 15:44:21.295"/>
</kw>
<kw name="Log" library="BuiltIn">
<arg>${Data}</arg>
<doc>Logs the given message with the given level.</doc>
<msg timestamp="20230110 15:44:21.295" level="INFO">['chanawam', 'chanawam']</msg>
<status status="PASS" starttime="20230110 15:44:21.295" endtime="20230110 15:44:21.295"/>
</kw>
<kw name="Set Test Variable" library="BuiltIn">
<arg>${Data}</arg>
<doc>Makes a variable available everywhere within the scope of the current test.</doc>
<msg timestamp="20230110 15:44:21.296" level="INFO">${Data} = ['chanawam', 'chanawam']</msg>
<status status="PASS" starttime="20230110 15:44:21.296" endtime="20230110 15:44:21.296"/>
</kw>
<status status="PASS" starttime="20230110 15:44:21.279" endtime="20230110 15:44:21.296"/>
</kw>
<kw name="Wait Until Element Is Visible" library="Selenium2Library">
<arg>${loc_inputTxtusername}</arg>
<doc>Waits until the element ``locator`` is visible.</doc>
<status status="PASS" starttime="20230110 15:44:21.296" endtime="20230110 15:44:21.325"/>
</kw>
<kw name="Input Text" library="Selenium2Library">
<arg>${loc_inputTxtusername}</arg>
<arg>${Data[${0}]}</arg>
<doc>Types the given ``text`` into the text field identified by ``locator``.</doc>
<msg timestamp="20230110 15:44:21.337" level="INFO">Typing text 'chanawam' into text field 'id:user_admin'.</msg>
<status status="PASS" starttime="20230110 15:44:21.325" endtime="20230110 15:44:21.437"/>
</kw>
<kw name="Input Password" library="Selenium2Library">
<arg>${loc_inputTxtpassword}</arg>
<arg>${Data[${1}]}</arg>
<doc>Types the given password into the text field identified by ``locator``.</doc>
<msg timestamp="20230110 15:44:21.451" level="INFO">Typing password into text field 'id:pass_admin'.</msg>
<msg timestamp="20230110 15:44:21.503" level="INFO">Temporally setting log level to: NONE</msg>
<msg timestamp="20230110 15:44:21.577" level="INFO">Log level changed from NONE to INFO.</msg>
<status status="PASS" starttime="20230110 15:44:21.438" endtime="20230110 15:44:21.577"/>
</kw>
<kw name="Click Element" library="Selenium2Library">
<arg>${loc_buttonSubmit}</arg>
<doc>Click the element identified by ``locator``.</doc>
<msg timestamp="20230110 15:44:21.577" level="INFO">Clicking element 'id:button_submit_admin'.</msg>
<status status="PASS" starttime="20230110 15:44:21.577" endtime="20230110 15:44:21.663"/>
</kw>
<kw name="Wait Loading screen Is Visible and Not Visible" library="MyCorporate_Common_Keywords">
<kw name="Run Keywords" library="BuiltIn">
<arg>Run Keyword And Ignore Error</arg>
<arg>Wait Until Page Contains Element</arg>
<arg>class:loading</arg>
<arg>15s</arg>
<arg>AND</arg>
<arg>Wait Until Element Is Not Visible</arg>
<arg>class:loading</arg>
<arg>240s</arg>
<doc>Executes all the given keywords in a sequence.</doc>
<kw name="Run Keyword And Ignore Error" library="BuiltIn">
<arg>Wait Until Page Contains Element</arg>
<arg>class:loading</arg>
<arg>15s</arg>
<doc>Runs the given keyword with the given arguments and ignores possible error.</doc>
<kw name="Wait Until Page Contains Element" library="Selenium2Library">
<arg>class:loading</arg>
<arg>15s</arg>
<doc>Waits until the element ``locator`` appears on the current page.</doc>
<status status="PASS" starttime="20230110 15:44:21.665" endtime="20230110 15:44:21.682"/>
</kw>
<status status="PASS" starttime="20230110 15:44:21.664" endtime="20230110 15:44:21.682"/>
</kw>
<kw name="Wait Until Element Is Not Visible" library="Selenium2Library">
<arg>class:loading</arg>
<arg>240s</arg>
<doc>Waits until the element ``locator`` is not visible.</doc>
<status status="PASS" starttime="20230110 15:44:21.683" endtime="20230110 15:44:21.715"/>
</kw>
<status status="PASS" starttime="20230110 15:44:21.664" endtime="20230110 15:44:21.716"/>
</kw>
<status status="PASS" starttime="20230110 15:44:21.663" endtime="20230110 15:44:21.716"/>
</kw>
<status status="PASS" starttime="20230110 15:44:21.279" endtime="20230110 15:44:21.716"/>
</kw>
<status status="PASS" starttime="20230110 15:44:16.449" endtime="20230110 15:44:21.716"/>
</kw>
<kw name="Select Menu :" library="MyCorporate_Common_Keywords">
<arg>${Menu_DBD}</arg>
<kw name="Wait Until Element Is Visible" library="Selenium2Library">
<arg>${Menu}</arg>
<arg>240s</arg>
<doc>Waits until the element ``locator`` is visible.</doc>
<status status="PASS" starttime="20230110 15:44:21.717" endtime="20230110 15:44:36.949"/>
</kw>
<kw name="Click Element" library="Selenium2Library">
<arg>${Menu}</arg>
<doc>Click the element identified by ``locator``.</doc>
<msg timestamp="20230110 15:44:36.951" level="INFO">Clicking element '(//a[@data-toggle='collapse'][contains(.,'DBD')])[2]'.</msg>
<status status="PASS" starttime="20230110 15:44:36.950" endtime="20230110 15:44:37.023"/>
</kw>
<status status="PASS" starttime="20230110 15:44:21.717" endtime="20230110 15:44:37.023"/>
</kw>
<kw name="Select Menu :" library="MyCorporate_Common_Keywords">
<arg>${SubMenu_DBDProflie}</arg>
<kw name="Wait Until Element Is Visible" library="Selenium2Library">
<arg>${Menu}</arg>
<arg>240s</arg>
<doc>Waits until the element ``locator`` is visible.</doc>
<status status="PASS" starttime="20230110 15:44:37.024" endtime="20230110 15:44:37.311"/>
</kw>
<kw name="Click Element" library="Selenium2Library">
<arg>${Menu}</arg>
<doc>Click the element identified by ``locator``.</doc>
<msg timestamp="20230110 15:44:37.312" level="INFO">Clicking element '(//a[contains(.,'• DBDProfile')])[2]'.</msg>
<status status="PASS" starttime="20230110 15:44:37.311" endtime="20230110 15:44:37.784"/>
</kw>
<status status="PASS" starttime="20230110 15:44:37.024" endtime="20230110 15:44:37.785"/>
</kw>
<kw name="Validate List Data And Should Be Visible :" library="MyCorporate_Common_Keywords">
<arg>${PanelSearchDBDProfile}</arg>
<kw name="Get Length" library="BuiltIn">
<var>${Length_listData}</var>
<arg>${listData}</arg>
<doc>Returns and logs the length of the given item as an integer.</doc>
<msg timestamp="20230110 15:44:37.788" level="INFO">Length is 3</msg>
<msg timestamp="20230110 15:44:37.788" level="INFO">${Length_listData} = 3</msg>
<status status="PASS" starttime="20230110 15:44:37.787" endtime="20230110 15:44:37.788"/>
</kw>
<kw name="Set Test Variable" library="BuiltIn">
<arg>${listData}</arg>
<doc>Makes a variable available everywhere within the scope of the current test.</doc>
<msg timestamp="20230110 15:44:37.789" level="INFO">${listData} = ['id:SEARCH_TEXT', "//input[contains(@value,'Search')]", "//input[contains(@value,'Cancel')]"]</msg>
<status status="PASS" starttime="20230110 15:44:37.788" endtime="20230110 15:44:37.789"/>
</kw>
<kw name="Set Test Variable" library="BuiltIn">
<arg>${Length_listData}</arg>
<doc>Makes a variable available everywhere within the scope of the current test.</doc>
<msg timestamp="20230110 15:44:37.791" level="INFO">${Length_listData} = 3</msg>
<status status="PASS" starttime="20230110 15:44:37.791" endtime="20230110 15:44:37.792"/>
</kw>
<kw name="Validate Data Should Be Visible" library="MyCorporate_Common_Keywords">
<arg>${Length_listData}</arg>
<arg>${listData}</arg>
<for flavor="IN RANGE">
<var>${i}</var>
<value>${Length}</value>
<iter>
<var name="${i}">0</var>
<kw name="Log" library="BuiltIn">
<arg>${listdata[${i}]}</arg>
<doc>Logs the given message with the given level.</doc>
<msg timestamp="20230110 15:44:37.822" level="INFO">id:SEARCH_TEXT</msg>
<status status="PASS" starttime="20230110 15:44:37.794" endtime="20230110 15:44:37.822"/>
</kw>
<kw name="Wait Until Element and Should Be Visible" library="MyCorporate_Common_Keywords">
<arg>${listdata[${i}]}</arg>
<kw name="Wait Until Element Is Visible" library="Selenium2Library">
<arg>${locator}</arg>
<arg>60s</arg>
<doc>Waits until the element ``locator`` is visible.</doc>
<status status="PASS" starttime="20230110 15:44:37.854" endtime="20230110 15:44:37.902"/>
</kw>
<kw name="Element Should Be Visible" library="Selenium2Library">
<arg>${locator}</arg>
<arg>60s</arg>
<doc>Verifies that the element identified by ``locator`` is visible.</doc>
<msg timestamp="20230110 15:44:37.934" level="INFO">Element 'id:SEARCH_TEXT' is displayed.</msg>
<status status="PASS" starttime="20230110 15:44:37.903" endtime="20230110 15:44:37.934"/>
</kw>
<kw name="Page Should Contain Element" library="Selenium2Library">
<arg>${locator}</arg>
<arg>60s</arg>
<doc>Verifies that element ``locator`` is found on the current page.</doc>
<msg timestamp="20230110 15:44:37.948" level="INFO">Current page contains element 'id:SEARCH_TEXT'.</msg>
<status status="PASS" starttime="20230110 15:44:37.935" endtime="20230110 15:44:37.948"/>
</kw>
<status status="PASS" starttime="20230110 15:44:37.823" endtime="20230110 15:44:37.948"/>
</kw>
<status status="PASS" starttime="20230110 15:44:37.793" endtime="20230110 15:44:37.948"/>
</iter>
<iter>
<var name="${i}">1</var>
<kw name="Log" library="BuiltIn">
<arg>${listdata[${i}]}</arg>
<doc>Logs the given message with the given level.</doc>
<msg timestamp="20230110 15:44:37.969" level="INFO">//input[contains(@value,'Search')]</msg>
<status status="PASS" starttime="20230110 15:44:37.949" endtime="20230110 15:44:37.969"/>
</kw>
<kw name="Wait Until Element and Should Be Visible" library="MyCorporate_Common_Keywords">
<arg>${listdata[${i}]}</arg>
<kw name="Wait Until Element Is Visible" library="Selenium2Library">
<arg>${locator}</arg>
<arg>60s</arg>
<doc>Waits until the element ``locator`` is visible.</doc>
<status status="PASS" starttime="20230110 15:44:37.990" endtime="20230110 15:44:38.024"/>
</kw>
<kw name="Element Should Be Visible" library="Selenium2Library">
<arg>${locator}</arg>
<arg>60s</arg>
<doc>Verifies that the element identified by ``locator`` is visible.</doc>
<msg timestamp="20230110 15:44:38.047" level="INFO">Element '//input[contains(@value,'Search')]' is displayed.</msg>
<status status="PASS" starttime="20230110 15:44:38.025" endtime="20230110 15:44:38.047"/>
</kw>
<kw name="Page Should Contain Element" library="Selenium2Library">
<arg>${locator}</arg>
<arg>60s</arg>
<doc>Verifies that element ``locator`` is found on the current page.</doc>
<msg timestamp="20230110 15:44:38.059" level="INFO">Current page contains element '//input[contains(@value,'Search')]'.</msg>
<status status="PASS" starttime="20230110 15:44:38.047" endtime="20230110 15:44:38.059"/>
</kw>
<status status="PASS" starttime="20230110 15:44:37.970" endtime="20230110 15:44:38.059"/>
</kw>
<status status="PASS" starttime="20230110 15:44:37.948" endtime="20230110 15:44:38.059"/>
</iter>
<iter>
<var name="${i}">2</var>
<kw name="Log" library="BuiltIn">
<arg>${listdata[${i}]}</arg>
<doc>Logs the given message with the given level.</doc>
<msg timestamp="20230110 15:44:38.075" level="INFO">//input[contains(@value,'Cancel')]</msg>
<status status="PASS" starttime="20230110 15:44:38.060" endtime="20230110 15:44:38.075"/>
</kw>
<kw name="Wait Until Element and Should Be Visible" library="MyCorporate_Common_Keywords">
<arg>${listdata[${i}]}</arg>
<kw name="Wait Until Element Is Visible" library="Selenium2Library">
<arg>${locator}</arg>
<arg>60s</arg>
<doc>Waits until the element ``locator`` is visible.</doc>
<status status="PASS" starttime="20230110 15:44:38.099" endtime="20230110 15:44:38.144"/>
</kw>
<kw name="Element Should Be Visible" library="Selenium2Library">
<arg>${locator}</arg>
<arg>60s</arg>
<doc>Verifies that the element identified by ``locator`` is visible.</doc>
<msg timestamp="20230110 15:44:38.175" level="INFO">Element '//input[contains(@value,'Cancel')]' is displayed.</msg>
<status status="PASS" starttime="20230110 15:44:38.144" endtime="20230110 15:44:38.175"/>
</kw>
<kw name="Page Should Contain Element" library="Selenium2Library">
<arg>${locator}</arg>
<arg>60s</arg>
<doc>Verifies that element ``locator`` is found on the current page.</doc>
<msg timestamp="20230110 15:44:38.190" level="INFO">Current page contains element '//input[contains(@value,'Cancel')]'.</msg>
<status status="PASS" starttime="20230110 15:44:38.176" endtime="20230110 15:44:38.190"/>
</kw>
<status status="PASS" starttime="20230110 15:44:38.075" endtime="20230110 15:44:38.191"/>
</kw>
<status status="PASS" starttime="20230110 15:44:38.059" endtime="20230110 15:44:38.191"/>
</iter>
<status status="PASS" starttime="20230110 15:44:37.793" endtime="20230110 15:44:38.191"/>
</for>
<status status="PASS" starttime="20230110 15:44:37.792" endtime="20230110 15:44:38.191"/>
</kw>
<status status="PASS" starttime="20230110 15:44:37.785" endtime="20230110 15:44:38.191"/>
</kw>
<kw name="Capture Page Screenshot" library="Selenium2Library">
<doc>Takes a screenshot of the current page and embeds it into a log file.</doc>
<msg timestamp="20230110 15:44:38.454" level="INFO" html="true">&lt;/td&gt;&lt;/tr&gt;&lt;tr&gt;&lt;td colspan="3"&gt;&lt;a href="selenium-screenshot-1.png"&gt;&lt;img src="selenium-screenshot-1.png" width="800px"&gt;&lt;/a&gt;</msg>
<status status="PASS" starttime="20230110 15:44:38.191" endtime="20230110 15:44:38.454"/>
</kw>
<doc>TEST DESCRIPTION:
MyCorporate - DBD Profile
TEST STEPS:
1. เข้าใช้งานที่ URL: https://test-mycorporate.ais.co.th/Portal/Employee
2. กรอก Username : ""chanawam""
3. กรอก Password : ""chanawam""
4. ทำเครื่องหมาย ""☑"" บน Google reCAPTCHA &gt; Skip
5. คลิกปุ่ม ตกลง
6. เลือกเมนูด้านซ้าย ""DBD""
7. เลือกเมนูย่อยเป็น ""DBDProfile"""
expected_result_udf
หน้าจอ Search DBD
EXPECTED RESULT:
ประกอบไปด้วยส่วนต่างๆ ดังนี้
-&gt; ช่อง Keyword สำหรับระบุข้อมูลการค้นหา (placeholder : Tax ID, Supplier Name)
-&gt; ปุ่ม Cancel</doc>
<tag>pattp070121001_001</tag>
<status status="PASS" starttime="20230110 15:44:16.439" endtime="20230110 15:44:38.454"/>
</test>
<test id="s1-t2" name="MyCorporate_DBDProfile_pattp070121001_002" line="41">
<kw name="Input Text :" library="MyCorporate_Common_Keywords">
<arg>${inputTxt_Search}</arg>
<arg>${TaxID}</arg>
<kw name="Wait Until Element Is Visible" library="Selenium2Library">
<arg>${locator}</arg>
<arg>60s</arg>
<doc>Waits until the element ``locator`` is visible.</doc>
<status status="PASS" starttime="20230110 15:44:38.457" endtime="20230110 15:44:38.477"/>
</kw>
<kw name="Input Text" library="Selenium2Library">
<arg>${locator}</arg>
<arg>${inputData}</arg>
<doc>Types the given ``text`` into the text field identified by ``locator``.</doc>
<msg timestamp="20230110 15:44:38.478" level="INFO">Typing text '0105556096057' into text field 'id:SEARCH_TEXT'.</msg>
<status status="PASS" starttime="20230110 15:44:38.477" endtime="20230110 15:44:38.608"/>
</kw>
<status status="PASS" starttime="20230110 15:44:38.457" endtime="20230110 15:44:38.608"/>
</kw>
<kw name="Click Element :" library="MyCorporate_Common_Keywords">
<arg>${btn_Search}</arg>
<kw name="Wait Until Element Is Visible" library="Selenium2Library">
<arg>${Local}</arg>
<arg>120s</arg>
<doc>Waits until the element ``locator`` is visible.</doc>
<status status="PASS" starttime="20230110 15:44:38.609" endtime="20230110 15:44:38.629"/>
</kw>
<kw name="Wait Until Page Contains Element" library="Selenium2Library">
<arg>${Local}</arg>
<arg>60s</arg>
<doc>Waits until the element ``locator`` appears on the current page.</doc>
<status status="PASS" starttime="20230110 15:44:38.629" endtime="20230110 15:44:38.639"/>
</kw>
<kw name="Scroll Element Into View" library="Selenium2Library">
<arg>${Local}</arg>
<doc>Scrolls the element identified by ``locator`` into view.</doc>
<status status="PASS" starttime="20230110 15:44:38.639" endtime="20230110 15:44:38.923"/>
</kw>
<kw name="Click Element" library="Selenium2Library">
<arg>${Local}</arg>
<doc>Click the element identified by ``locator``.</doc>
<msg timestamp="20230110 15:44:38.924" level="INFO">Clicking element '//input[contains(@value,'Search')]'.</msg>
<status status="PASS" starttime="20230110 15:44:38.923" endtime="20230110 15:44:38.980"/>
</kw>
<kw name="Wait Loading screen Is Visible and Not Visible" library="MyCorporate_Common_Keywords">
<kw name="Run Keywords" library="BuiltIn">
<arg>Run Keyword And Ignore Error</arg>
<arg>Wait Until Page Contains Element</arg>
<arg>class:loading</arg>
<arg>15s</arg>
<arg>AND</arg>
<arg>Wait Until Element Is Not Visible</arg>
<arg>class:loading</arg>
<arg>240s</arg>
<doc>Executes all the given keywords in a sequence.</doc>
<kw name="Run Keyword And Ignore Error" library="BuiltIn">
<arg>Wait Until Page Contains Element</arg>
<arg>class:loading</arg>
<arg>15s</arg>
<doc>Runs the given keyword with the given arguments and ignores possible error.</doc>
<kw name="Wait Until Page Contains Element" library="Selenium2Library">
<arg>class:loading</arg>
<arg>15s</arg>
<doc>Waits until the element ``locator`` appears on the current page.</doc>
<status status="PASS" starttime="20230110 15:44:38.982" endtime="20230110 15:44:38.993"/>
</kw>
<status status="PASS" starttime="20230110 15:44:38.982" endtime="20230110 15:44:38.993"/>
</kw>
<kw name="Wait Until Element Is Not Visible" library="Selenium2Library">
<arg>class:loading</arg>
<arg>240s</arg>
<doc>Waits until the element ``locator`` is not visible.</doc>
<status status="PASS" starttime="20230110 15:44:38.993" endtime="20230110 15:44:39.020"/>
</kw>
<status status="PASS" starttime="20230110 15:44:38.981" endtime="20230110 15:44:39.020"/>
</kw>
<status status="PASS" starttime="20230110 15:44:38.980" endtime="20230110 15:44:39.020"/>
</kw>
<status status="PASS" starttime="20230110 15:44:38.608" endtime="20230110 15:44:39.020"/>
</kw>
<kw name="Click Menu Quick" library="MyCorporate_Common_Keywords">
<kw name="Wait Until Element Is Visible" library="Selenium2Library">
<arg>${menu_quick}</arg>
<arg>60s</arg>
<doc>Waits until the element ``locator`` is visible.</doc>
<status status="PASS" starttime="20230110 15:44:39.021" endtime="20230110 15:44:39.051"/>
</kw>
<kw name="Click Execute Javascript :" library="MyCorporate_Common_Keywords">
<arg>${menu_quick}</arg>
<kw name="Get WebElement" library="Selenium2Library">
<var>${ele}</var>
<arg>${xPath}</arg>
<doc>Returns the first WebElement matching the given ``locator``.</doc>
<msg timestamp="20230110 15:44:39.065" level="INFO">${ele} = &lt;selenium.webdriver.remote.webelement.WebElement (session="25145b4b66f6244d57204621bb930231", element="443cdabf-6fd0-43a3-83fe-0af96ed43cf8")&gt;</msg>
<status status="PASS" starttime="20230110 15:44:39.052" endtime="20230110 15:44:39.065"/>
</kw>
<kw name="Execute Javascript" library="Selenium2Library">
<arg>arguments[0].click();</arg>
<arg>ARGUMENTS</arg>
<arg>${ele}</arg>
<doc>Executes the given JavaScript code with possible arguments.</doc>
<msg timestamp="20230110 15:44:39.067" level="INFO">Executing JavaScript:
arguments[0].click();
By using argument:
'&lt;selenium.webdriver.remote.webelement.WebElement (session="25145b4b66f6244d57204621bb930231", element="443cdabf-6fd0-43a3-83fe-0af96ed43cf8")&gt;'</msg>
<status status="PASS" starttime="20230110 15:44:39.066" endtime="20230110 15:44:39.079"/>
</kw>
<status status="PASS" starttime="20230110 15:44:39.051" endtime="20230110 15:44:39.079"/>
</kw>
<status status="PASS" starttime="20230110 15:44:39.020" endtime="20230110 15:44:39.079"/>
</kw>
<kw name="Scroll Move custom" library="MyCorporate_Common_Keywords">
<arg>300</arg>
<kw name="Sleep" library="BuiltIn">
<arg>1s</arg>
<doc>Pauses the test executed for the given time.</doc>
<msg timestamp="20230110 15:44:40.081" level="INFO">Slept 1 second</msg>
<status status="PASS" starttime="20230110 15:44:39.080" endtime="20230110 15:44:40.081"/>
</kw>
<kw name="Execute Javascript" library="Selenium2Library">
<arg>window.scrollTo(0,${Number})</arg>
<doc>Executes the given JavaScript code with possible arguments.</doc>
<msg timestamp="20230110 15:44:40.082" level="INFO">Executing JavaScript:
window.scrollTo(0,300)
Without any arguments.</msg>
<status status="PASS" starttime="20230110 15:44:40.082" endtime="20230110 15:44:40.089"/>
</kw>
<status status="PASS" starttime="20230110 15:44:39.079" endtime="20230110 15:44:40.089"/>
</kw>
<kw name="Validate List Data And Should Be Visible :" library="MyCorporate_Common_Keywords">
<arg>${list_ResultDBDProfile}</arg>
<kw name="Get Length" library="BuiltIn">
<var>${Length_listData}</var>
<arg>${listData}</arg>
<doc>Returns and logs the length of the given item as an integer.</doc>
<msg timestamp="20230110 15:44:40.091" level="INFO">Length is 10</msg>
<msg timestamp="20230110 15:44:40.091" level="INFO">${Length_listData} = 10</msg>
<status status="PASS" starttime="20230110 15:44:40.091" endtime="20230110 15:44:40.091"/>
</kw>
<kw name="Set Test Variable" library="BuiltIn">
<arg>${listData}</arg>
<doc>Makes a variable available everywhere within the scope of the current test.</doc>
<msg timestamp="20230110 15:44:40.092" level="INFO">${listData} = ["//button[contains(@onclick,'ExportResult()')]", "//th[contains(.,'เลขทะเบียน')]", "//th[contains(.,'ชื่อนิติบุคคล')]", "//th[contains(.,'สถานะ')]", "//th[contains(.,'ประเภทธุรกิจ')]", "//th[contains...</msg>
<status status="PASS" starttime="20230110 15:44:40.092" endtime="20230110 15:44:40.092"/>
</kw>
<kw name="Set Test Variable" library="BuiltIn">
<arg>${Length_listData}</arg>
<doc>Makes a variable available everywhere within the scope of the current test.</doc>
<msg timestamp="20230110 15:44:40.093" level="INFO">${Length_listData} = 10</msg>
<status status="PASS" starttime="20230110 15:44:40.093" endtime="20230110 15:44:40.093"/>
</kw>
<kw name="Validate Data Should Be Visible" library="MyCorporate_Common_Keywords">
<arg>${Length_listData}</arg>
<arg>${listData}</arg>
<for flavor="IN RANGE">
<var>${i}</var>
<value>${Length}</value>
<iter>
<var name="${i}">0</var>
<kw name="Log" library="BuiltIn">
<arg>${listdata[${i}]}</arg>
<doc>Logs the given message with the given level.</doc>
<msg timestamp="20230110 15:44:40.122" level="INFO">//button[contains(@onclick,'ExportResult()')]</msg>
<status status="PASS" starttime="20230110 15:44:40.095" endtime="20230110 15:44:40.122"/>
</kw>
<kw name="Wait Until Element and Should Be Visible" library="MyCorporate_Common_Keywords">
<arg>${listdata[${i}]}</arg>
<kw name="Wait Until Element Is Visible" library="Selenium2Library">
<arg>${locator}</arg>
<arg>60s</arg>
<doc>Waits until the element ``locator`` is visible.</doc>
<status status="PASS" starttime="20230110 15:44:40.146" endtime="20230110 15:44:40.194"/>
</kw>
<kw name="Element Should Be Visible" library="Selenium2Library">
<arg>${locator}</arg>
<arg>60s</arg>
<doc>Verifies that the element identified by ``locator`` is visible.</doc>
<msg timestamp="20230110 15:44:40.219" level="INFO">Element '//button[contains(@onclick,'ExportResult()')]' is displayed.</msg>
<status status="PASS" starttime="20230110 15:44:40.194" endtime="20230110 15:44:40.219"/>
</kw>
<kw name="Page Should Contain Element" library="Selenium2Library">
<arg>${locator}</arg>
<arg>60s</arg>
<doc>Verifies that element ``locator`` is found on the current page.</doc>
<msg timestamp="20230110 15:44:40.230" level="INFO">Current page contains element '//button[contains(@onclick,'ExportResult()')]'.</msg>
<status status="PASS" starttime="20230110 15:44:40.219" endtime="20230110 15:44:40.231"/>
</kw>
<status status="PASS" starttime="20230110 15:44:40.122" endtime="20230110 15:44:40.231"/>
</kw>
<status status="PASS" starttime="20230110 15:44:40.095" endtime="20230110 15:44:40.231"/>
</iter>
<iter>
<var name="${i}">1</var>
<kw name="Log" library="BuiltIn">
<arg>${listdata[${i}]}</arg>
<doc>Logs the given message with the given level.</doc>
<msg timestamp="20230110 15:44:40.254" level="INFO">//th[contains(.,'เลขทะเบียน')]</msg>
<status status="PASS" starttime="20230110 15:44:40.231" endtime="20230110 15:44:40.255"/>
</kw>
<kw name="Wait Until Element and Should Be Visible" library="MyCorporate_Common_Keywords">
<arg>${listdata[${i}]}</arg>
<kw name="Wait Until Element Is Visible" library="Selenium2Library">
<arg>${locator}</arg>
<arg>60s</arg>
<doc>Waits until the element ``locator`` is visible.</doc>
<status status="PASS" starttime="20230110 15:44:40.273" endtime="20230110 15:44:40.305"/>
</kw>
<kw name="Element Should Be Visible" library="Selenium2Library">
<arg>${locator}</arg>
<arg>60s</arg>
<doc>Verifies that the element identified by ``locator`` is visible.</doc>
<msg timestamp="20230110 15:44:40.329" level="INFO">Element '//th[contains(.,'เลขทะเบียน')]' is displayed.</msg>
<status status="PASS" starttime="20230110 15:44:40.305" endtime="20230110 15:44:40.329"/>
</kw>
<kw name="Page Should Contain Element" library="Selenium2Library">
<arg>${locator}</arg>
<arg>60s</arg>
<doc>Verifies that element ``locator`` is found on the current page.</doc>
<msg timestamp="20230110 15:44:40.341" level="INFO">Current page contains element '//th[contains(.,'เลขทะเบียน')]'.</msg>
<status status="PASS" starttime="20230110 15:44:40.330" endtime="20230110 15:44:40.341"/>
</kw>
<status status="PASS" starttime="20230110 15:44:40.255" endtime="20230110 15:44:40.342"/>
</kw>
<status status="PASS" starttime="20230110 15:44:40.231" endtime="20230110 15:44:40.342"/>
</iter>
<iter>
<var name="${i}">2</var>
<kw name="Log" library="BuiltIn">
<arg>${listdata[${i}]}</arg>
<doc>Logs the given message with the given level.</doc>
<msg timestamp="20230110 15:44:40.362" level="INFO">//th[contains(.,'ชื่อนิติบุคคล')]</msg>
<status status="PASS" starttime="20230110 15:44:40.342" endtime="20230110 15:44:40.362"/>
</kw>
<kw name="Wait Until Element and Should Be Visible" library="MyCorporate_Common_Keywords">
<arg>${listdata[${i}]}</arg>
<kw name="Wait Until Element Is Visible" library="Selenium2Library">
<arg>${locator}</arg>
<arg>60s</arg>
<doc>Waits until the element ``locator`` is visible.</doc>
<status status="PASS" starttime="20230110 15:44:40.382" endtime="20230110 15:44:40.417"/>
</kw>
<kw name="Element Should Be Visible" library="Selenium2Library">
<arg>${locator}</arg>
<arg>60s</arg>
<doc>Verifies that the element identified by ``locator`` is visible.</doc>
<msg timestamp="20230110 15:44:40.443" level="INFO">Element '//th[contains(.,'ชื่อนิติบุคคล')]' is displayed.</msg>
<status status="PASS" starttime="20230110 15:44:40.418" endtime="20230110 15:44:40.443"/>
</kw>
<kw name="Page Should Contain Element" library="Selenium2Library">
<arg>${locator}</arg>
<arg>60s</arg>
<doc>Verifies that element ``locator`` is found on the current page.</doc>
<msg timestamp="20230110 15:44:40.456" level="INFO">Current page contains element '//th[contains(.,'ชื่อนิติบุคคล')]'.</msg>
<status status="PASS" starttime="20230110 15:44:40.444" endtime="20230110 15:44:40.456"/>
</kw>
<status status="PASS" starttime="20230110 15:44:40.362" endtime="20230110 15:44:40.457"/>
</kw>
<status status="PASS" starttime="20230110 15:44:40.342" endtime="20230110 15:44:40.457"/>
</iter>
<iter>
<var name="${i}">3</var>
<kw name="Log" library="BuiltIn">
<arg>${listdata[${i}]}</arg>
<doc>Logs the given message with the given level.</doc>
<msg timestamp="20230110 15:44:40.479" level="INFO">//th[contains(.,'สถานะ')]</msg>
<status status="PASS" starttime="20230110 15:44:40.457" endtime="20230110 15:44:40.479"/>
</kw>
<kw name="Wait Until Element and Should Be Visible" library="MyCorporate_Common_Keywords">
<arg>${listdata[${i}]}</arg>
<kw name="Wait Until Element Is Visible" library="Selenium2Library">
<arg>${locator}</arg>
<arg>60s</arg>
<doc>Waits until the element ``locator`` is visible.</doc>
<status status="PASS" starttime="20230110 15:44:40.498" endtime="20230110 15:44:40.533"/>
</kw>
<kw name="Element Should Be Visible" library="Selenium2Library">
<arg>${locator}</arg>
<arg>60s</arg>
<doc>Verifies that the element identified by ``locator`` is visible.</doc>
<msg timestamp="20230110 15:44:40.558" level="INFO">Element '//th[contains(.,'สถานะ')]' is displayed.</msg>
<status status="PASS" starttime="20230110 15:44:40.533" endtime="20230110 15:44:40.558"/>
</kw>
<kw name="Page Should Contain Element" library="Selenium2Library">
<arg>${locator}</arg>
<arg>60s</arg>
<doc>Verifies that element ``locator`` is found on the current page.</doc>
<msg timestamp="20230110 15:44:40.570" level="INFO">Current page contains element '//th[contains(.,'สถานะ')]'.</msg>
<status status="PASS" starttime="20230110 15:44:40.559" endtime="20230110 15:44:40.570"/>
</kw>
<status status="PASS" starttime="20230110 15:44:40.479" endtime="20230110 15:44:40.571"/>
</kw>
<status status="PASS" starttime="20230110 15:44:40.457" endtime="20230110 15:44:40.571"/>
</iter>
<iter>
<var name="${i}">4</var>
<kw name="Log" library="BuiltIn">
<arg>${listdata[${i}]}</arg>
<doc>Logs the given message with the given level.</doc>
<msg timestamp="20230110 15:44:40.598" level="INFO">//th[contains(.,'ประเภทธุรกิจ')]</msg>
<status status="PASS" starttime="20230110 15:44:40.571" endtime="20230110 15:44:40.598"/>
</kw>
<kw name="Wait Until Element and Should Be Visible" library="MyCorporate_Common_Keywords">
<arg>${listdata[${i}]}</arg>
<kw name="Wait Until Element Is Visible" library="Selenium2Library">
<arg>${locator}</arg>
<arg>60s</arg>
<doc>Waits until the element ``locator`` is visible.</doc>
<status status="PASS" starttime="20230110 15:44:40.621" endtime="20230110 15:44:40.658"/>
</kw>
<kw name="Element Should Be Visible" library="Selenium2Library">
<arg>${locator}</arg>
<arg>60s</arg>
<doc>Verifies that the element identified by ``locator`` is visible.</doc>
<msg timestamp="20230110 15:44:40.674" level="INFO">Element '//th[contains(.,'ประเภทธุรกิจ')]' is displayed.</msg>
<status status="PASS" starttime="20230110 15:44:40.658" endtime="20230110 15:44:40.674"/>
</kw>
<kw name="Page Should Contain Element" library="Selenium2Library">
<arg>${locator}</arg>
<arg>60s</arg>
<doc>Verifies that element ``locator`` is found on the current page.</doc>
<msg timestamp="20230110 15:44:40.681" level="INFO">Current page contains element '//th[contains(.,'ประเภทธุรกิจ')]'.</msg>
<status status="PASS" starttime="20230110 15:44:40.674" endtime="20230110 15:44:40.681"/>
</kw>
<status status="PASS" starttime="20230110 15:44:40.598" endtime="20230110 15:44:40.681"/>
</kw>
<status status="PASS" starttime="20230110 15:44:40.571" endtime="20230110 15:44:40.681"/>
</iter>
<iter>
<var name="${i}">5</var>
<kw name="Log" library="BuiltIn">
<arg>${listdata[${i}]}</arg>
<doc>Logs the given message with the given level.</doc>
<msg timestamp="20230110 15:44:40.690" level="INFO">//th[contains(.,'จังหวัด')]</msg>
<status status="PASS" starttime="20230110 15:44:40.682" endtime="20230110 15:44:40.691"/>
</kw>
<kw name="Wait Until Element and Should Be Visible" library="MyCorporate_Common_Keywords">
<arg>${listdata[${i}]}</arg>
<kw name="Wait Until Element Is Visible" library="Selenium2Library">
<arg>${locator}</arg>
<arg>60s</arg>
<doc>Waits until the element ``locator`` is visible.</doc>
<status status="PASS" starttime="20230110 15:44:40.701" endtime="20230110 15:44:40.725"/>
</kw>
<kw name="Element Should Be Visible" library="Selenium2Library">
<arg>${locator}</arg>
<arg>60s</arg>
<doc>Verifies that the element identified by ``locator`` is visible.</doc>
<msg timestamp="20230110 15:44:40.744" level="INFO">Element '//th[contains(.,'จังหวัด')]' is displayed.</msg>
<status status="PASS" starttime="20230110 15:44:40.726" endtime="20230110 15:44:40.744"/>
</kw>
<kw name="Page Should Contain Element" library="Selenium2Library">
<arg>${locator}</arg>
<arg>60s</arg>
<doc>Verifies that element ``locator`` is found on the current page.</doc>
<msg timestamp="20230110 15:44:40.752" level="INFO">Current page contains element '//th[contains(.,'จังหวัด')]'.</msg>
<status status="PASS" starttime="20230110 15:44:40.744" endtime="20230110 15:44:40.752"/>
</kw>
<status status="PASS" starttime="20230110 15:44:40.691" endtime="20230110 15:44:40.752"/>
</kw>
<status status="PASS" starttime="20230110 15:44:40.682" endtime="20230110 15:44:40.752"/>
</iter>
<iter>
<var name="${i}">6</var>
<kw name="Log" library="BuiltIn">
<arg>${listdata[${i}]}</arg>
<doc>Logs the given message with the given level.</doc>
<msg timestamp="20230110 15:44:40.761" level="INFO">//th[contains(.,'วันที่จดทะเบียน')]</msg>
<status status="PASS" starttime="20230110 15:44:40.752" endtime="20230110 15:44:40.761"/>
</kw>
<kw name="Wait Until Element and Should Be Visible" library="MyCorporate_Common_Keywords">
<arg>${listdata[${i}]}</arg>
<kw name="Wait Until Element Is Visible" library="Selenium2Library">
<arg>${locator}</arg>
<arg>60s</arg>
<doc>Waits until the element ``locator`` is visible.</doc>
<status status="PASS" starttime="20230110 15:44:40.769" endtime="20230110 15:44:40.794"/>
</kw>
<kw name="Element Should Be Visible" library="Selenium2Library">
<arg>${locator}</arg>
<arg>60s</arg>
<doc>Verifies that the element identified by ``locator`` is visible.</doc>
<msg timestamp="20230110 15:44:40.813" level="INFO">Element '//th[contains(.,'วันที่จดทะเบียน')]' is displayed.</msg>
<status status="PASS" starttime="20230110 15:44:40.794" endtime="20230110 15:44:40.813"/>
</kw>
<kw name="Page Should Contain Element" library="Selenium2Library">
<arg>${locator}</arg>
<arg>60s</arg>
<doc>Verifies that element ``locator`` is found on the current page.</doc>
<msg timestamp="20230110 15:44:40.820" level="INFO">Current page contains element '//th[contains(.,'วันที่จดทะเบียน')]'.</msg>
<status status="PASS" starttime="20230110 15:44:40.814" endtime="20230110 15:44:40.821"/>
</kw>
<status status="PASS" starttime="20230110 15:44:40.761" endtime="20230110 15:44:40.821"/>
</kw>
<status status="PASS" starttime="20230110 15:44:40.752" endtime="20230110 15:44:40.821"/>
</iter>
<iter>
<var name="${i}">7</var>
<kw name="Log" library="BuiltIn">
<arg>${listdata[${i}]}</arg>
<doc>Logs the given message with the given level.</doc>
<msg timestamp="20230110 15:44:40.830" level="INFO">//th[contains(.,'ทุนจดทะเบียน')]</msg>
<status status="PASS" starttime="20230110 15:44:40.821" endtime="20230110 15:44:40.830"/>
</kw>
<kw name="Wait Until Element and Should Be Visible" library="MyCorporate_Common_Keywords">
<arg>${listdata[${i}]}</arg>
<kw name="Wait Until Element Is Visible" library="Selenium2Library">
<arg>${locator}</arg>
<arg>60s</arg>
<doc>Waits until the element ``locator`` is visible.</doc>
<status status="PASS" starttime="20230110 15:44:40.848" endtime="20230110 15:44:40.873"/>
</kw>
<kw name="Element Should Be Visible" library="Selenium2Library">
<arg>${locator}</arg>
<arg>60s</arg>
<doc>Verifies that the element identified by ``locator`` is visible.</doc>
<msg timestamp="20230110 15:44:40.890" level="INFO">Element '//th[contains(.,'ทุนจดทะเบียน')]' is displayed.</msg>
<status status="PASS" starttime="20230110 15:44:40.873" endtime="20230110 15:44:40.890"/>
</kw>
<kw name="Page Should Contain Element" library="Selenium2Library">
<arg>${locator}</arg>
<arg>60s</arg>
<doc>Verifies that element ``locator`` is found on the current page.</doc>
<msg timestamp="20230110 15:44:40.898" level="INFO">Current page contains element '//th[contains(.,'ทุนจดทะเบียน')]'.</msg>
<status status="PASS" starttime="20230110 15:44:40.890" endtime="20230110 15:44:40.898"/>
</kw>
<status status="PASS" starttime="20230110 15:44:40.830" endtime="20230110 15:44:40.898"/>
</kw>
<status status="PASS" starttime="20230110 15:44:40.821" endtime="20230110 15:44:40.898"/>
</iter>
<iter>
<var name="${i}">8</var>
<kw name="Log" library="BuiltIn">
<arg>${listdata[${i}]}</arg>
<doc>Logs the given message with the given level.</doc>
<msg timestamp="20230110 15:44:40.906" level="INFO">id:ResultBody</msg>
<status status="PASS" starttime="20230110 15:44:40.899" endtime="20230110 15:44:40.906"/>
</kw>
<kw name="Wait Until Element and Should Be Visible" library="MyCorporate_Common_Keywords">
<arg>${listdata[${i}]}</arg>
<kw name="Wait Until Element Is Visible" library="Selenium2Library">
<arg>${locator}</arg>
<arg>60s</arg>
<doc>Waits until the element ``locator`` is visible.</doc>
<status status="PASS" starttime="20230110 15:44:40.915" endtime="20230110 15:44:40.934"/>
</kw>
<kw name="Element Should Be Visible" library="Selenium2Library">
<arg>${locator}</arg>
<arg>60s</arg>
<doc>Verifies that the element identified by ``locator`` is visible.</doc>
<msg timestamp="20230110 15:44:40.949" level="INFO">Element 'id:ResultBody' is displayed.</msg>
<status status="PASS" starttime="20230110 15:44:40.934" endtime="20230110 15:44:40.949"/>
</kw>
<kw name="Page Should Contain Element" library="Selenium2Library">
<arg>${locator}</arg>
<arg>60s</arg>
<doc>Verifies that element ``locator`` is found on the current page.</doc>
<msg timestamp="20230110 15:44:40.955" level="INFO">Current page contains element 'id:ResultBody'.</msg>
<status status="PASS" starttime="20230110 15:44:40.949" endtime="20230110 15:44:40.956"/>
</kw>
<status status="PASS" starttime="20230110 15:44:40.907" endtime="20230110 15:44:40.956"/>
</kw>
<status status="PASS" starttime="20230110 15:44:40.899" endtime="20230110 15:44:40.956"/>
</iter>
<iter>
<var name="${i}">9</var>
<kw name="Log" library="BuiltIn">
<arg>${listdata[${i}]}</arg>
<doc>Logs the given message with the given level.</doc>
<msg timestamp="20230110 15:44:40.964" level="INFO">//a[@class='btn btn-info btn-true']</msg>
<status status="PASS" starttime="20230110 15:44:40.956" endtime="20230110 15:44:40.964"/>
</kw>
<kw name="Wait Until Element and Should Be Visible" library="MyCorporate_Common_Keywords">
<arg>${listdata[${i}]}</arg>
<kw name="Wait Until Element Is Visible" library="Selenium2Library">
<arg>${locator}</arg>
<arg>60s</arg>
<doc>Waits until the element ``locator`` is visible.</doc>
<status status="PASS" starttime="20230110 15:44:40.973" endtime="20230110 15:44:40.995"/>
</kw>
<kw name="Element Should Be Visible" library="Selenium2Library">
<arg>${locator}</arg>
<arg>60s</arg>
<doc>Verifies that the element identified by ``locator`` is visible.</doc>
<msg timestamp="20230110 15:44:41.012" level="INFO">Element '//a[@class='btn btn-info btn-true']' is displayed.</msg>
<status status="PASS" starttime="20230110 15:44:40.996" endtime="20230110 15:44:41.012"/>
</kw>
<kw name="Page Should Contain Element" library="Selenium2Library">
<arg>${locator}</arg>
<arg>60s</arg>
<doc>Verifies that element ``locator`` is found on the current page.</doc>
<msg timestamp="20230110 15:44:41.021" level="INFO">Current page contains element '//a[@class='btn btn-info btn-true']'.</msg>
<status status="PASS" starttime="20230110 15:44:41.012" endtime="20230110 15:44:41.021"/>
</kw>
<status status="PASS" starttime="20230110 15:44:40.964" endtime="20230110 15:44:41.021"/>
</kw>
<status status="PASS" starttime="20230110 15:44:40.956" endtime="20230110 15:44:41.021"/>
</iter>
<status status="PASS" starttime="20230110 15:44:40.094" endtime="20230110 15:44:41.022"/>
</for>
<status status="PASS" starttime="20230110 15:44:40.094" endtime="20230110 15:44:41.022"/>
</kw>
<status status="PASS" starttime="20230110 15:44:40.089" endtime="20230110 15:44:41.022"/>
</kw>
<kw name="Should Be 2digit :" library="MyCorporate_Common_Keywords">
<arg>${RegisteredCapital}</arg>
<kw name="Get Text" library="Selenium2Library">
<var>${getdata}</var>
<arg>${locator}</arg>
<doc>Returns the text value of the element identified by ``locator``.</doc>
<msg timestamp="20230110 15:44:41.047" level="INFO">${getdata} = 54,497,049,300.00</msg>
<status status="PASS" starttime="20230110 15:44:41.023" endtime="20230110 15:44:41.047"/>
</kw>
<kw name="Split String" library="String">
<var>@{Data}</var>
<arg>${getdata}</arg>
<arg>.</arg>
<doc>Splits the ``string`` using ``separator`` as a delimiter string.</doc>
<msg timestamp="20230110 15:44:41.047" level="INFO">@{Data} = [ 54,497,049,300 | 00 ]</msg>
<status status="PASS" starttime="20230110 15:44:41.047" endtime="20230110 15:44:41.047"/>
</kw>
<kw name="Get Length" library="BuiltIn">
<var>${getdata_count}</var>
<arg>${Data}</arg>
<doc>Returns and logs the length of the given item as an integer.</doc>
<msg timestamp="20230110 15:44:41.048" level="INFO">Length is 2</msg>
<msg timestamp="20230110 15:44:41.048" level="INFO">${getdata_count} = 2</msg>
<status status="PASS" starttime="20230110 15:44:41.047" endtime="20230110 15:44:41.048"/>
</kw>
<kw name="Should Be True" library="BuiltIn">
<arg>'${getdata_count}' == '2'</arg>
<doc>Fails if the given condition is not true.</doc>
<status status="PASS" starttime="20230110 15:44:41.048" endtime="20230110 15:44:41.048"/>
</kw>
<kw name="Scroll Element Into View" library="Selenium2Library">
<arg>${locator}</arg>
<doc>Scrolls the element identified by ``locator`` into view.</doc>
<status status="PASS" starttime="20230110 15:44:41.048" endtime="20230110 15:44:41.327"/>
</kw>
<status status="PASS" starttime="20230110 15:44:41.022" endtime="20230110 15:44:41.327"/>
</kw>
<kw name="Capture Page Screenshot" library="Selenium2Library">
<doc>Takes a screenshot of the current page and embeds it into a log file.</doc>
<msg timestamp="20230110 15:44:41.478" level="INFO" html="true">&lt;/td&gt;&lt;/tr&gt;&lt;tr&gt;&lt;td colspan="3"&gt;&lt;a href="selenium-screenshot-2.png"&gt;&lt;img src="selenium-screenshot-2.png" width="800px"&gt;&lt;/a&gt;</msg>
<status status="PASS" starttime="20230110 15:44:41.327" endtime="20230110 15:44:41.479"/>
</kw>
<doc>TEST DESCRIPTION:
MyCorporate - DBD Profile 

TEST STEPS:
1. ระบุ Keyword ที่ช่อง Search : "0105556096057"
2. คลิกปุ่ม Search 

expected_result_udf
'หน้าจอ Search DBD
-&gt; ปุ่ม Search
EXPECTED RESULT:
ประกอบไปด้วยส่วนต่างๆ ดังนี้
-&gt; แสดง Panel Result
ประกอบไปด้วยส่วนต่างๆ ดังนี้
-&gt; ปุ่ม Export
-&gt; เลขทะเบียน
-&gt; ชื่อนิติบุคคล
-&gt; สถานะ
-&gt; ประเภทธุรกิจ
-&gt; จังหวัด
-&gt; วันที่จดทะเบียน
-&gt; ทุนจดทะเบียน (Format : currency ทศนิยม 2 ตำแหน่ง)
-&gt; ปุ่ม แว่นขยาย สำหรับเข้าไปดูข้อมูล Result Detail</doc>
<tag>pattp070121001_002</tag>
<status status="PASS" starttime="20230110 15:44:38.455" endtime="20230110 15:44:41.479"/>
</test>
<test id="s1-t3" name="MyCorporate_DBDProfile_pattp070121001_003" line="82">
<kw name="Click Export File Excel And Verify File Name" library="MyCorporate_Common_Keywords">
<kw name="Wait Until Element Is Visible" library="Selenium2Library">
<arg>${Result_Panel}</arg>
<arg>60s</arg>
<doc>Waits until the element ``locator`` is visible.</doc>
<status status="PASS" starttime="20230110 15:44:41.481" endtime="20230110 15:44:41.504"/>
</kw>
<kw name="Run Keywords" library="BuiltIn">
<arg>Click Element</arg>
<arg>${ButtonExport}</arg>
<arg>AND</arg>
<arg>Gen Current Date</arg>
<doc>Executes all the given keywords in a sequence.</doc>
<kw name="Click Element" library="Selenium2Library">
<arg>${ButtonExport}</arg>
<doc>Click the element identified by ``locator``.</doc>
<msg timestamp="20230110 15:44:41.505" level="INFO">Clicking element '//button[@class='btn btn-primary'][contains(.,'Export')]'.</msg>
<status status="PASS" starttime="20230110 15:44:41.504" endtime="20230110 15:44:41.555"/>
</kw>
<kw name="Gen Current Date" library="MyCorporate_Common_Keywords">
<kw name="Get Current Date" library="DateTime">
<var>${getdate}</var>
<doc>Returns current local or UTC time with an optional increment.</doc>
<msg timestamp="20230110 15:44:41.556" level="INFO">${getdate} = 2023-01-10 15:44:41.556</msg>
<status status="PASS" starttime="20230110 15:44:41.556" endtime="20230110 15:44:41.556"/>
</kw>
<kw name="Convert Date" library="DateTime">
<var>${genDataDate}</var>
<arg>${getdate}</arg>
<arg>result_format=%Y%m%d%H%M%S</arg>
<doc>Converts between supported `date formats`.</doc>
<msg timestamp="20230110 15:44:41.561" level="INFO">${genDataDate} = 20230110154441</msg>
<status status="PASS" starttime="20230110 15:44:41.557" endtime="20230110 15:44:41.561"/>
</kw>
<kw name="Convert Date" library="DateTime">
<var>${gen_Date}</var>
<arg>${getdate}</arg>
<arg>result_format=%d</arg>
<doc>Converts between supported `date formats`.</doc>
<msg timestamp="20230110 15:44:41.562" level="INFO">${gen_Date} = 10</msg>
<status status="PASS" starttime="20230110 15:44:41.561" endtime="20230110 15:44:41.562"/>
</kw>
<kw name="Convert Date" library="DateTime">
<var>${gen_Month}</var>
<arg>${getdate}</arg>
<arg>result_format=%b</arg>
<doc>Converts between supported `date formats`.</doc>
<msg timestamp="20230110 15:44:41.562" level="INFO">${gen_Month} = Jan</msg>
<status status="PASS" starttime="20230110 15:44:41.562" endtime="20230110 15:44:41.562"/>
</kw>
<kw name="Convert Date" library="DateTime">
<var>${genDateResult}</var>
<arg>${getdate}</arg>
<arg>result_format=%Y%m%d</arg>
<doc>Converts between supported `date formats`.</doc>
<msg timestamp="20230110 15:44:41.563" level="INFO">${genDateResult} = 20230110</msg>
<status status="PASS" starttime="20230110 15:44:41.562" endtime="20230110 15:44:41.563"/>
</kw>
<kw name="Convert Date" library="DateTime">
<var>${initialShop}</var>
<arg>${getdate}</arg>
<arg>result_format=%m%d%H%M</arg>
<doc>Converts between supported `date formats`.</doc>
<msg timestamp="20230110 15:44:41.563" level="INFO">${initialShop} = 01101544</msg>
<status status="PASS" starttime="20230110 15:44:41.563" endtime="20230110 15:44:41.563"/>
</kw>
<kw name="Convert Date" library="DateTime">
<var>${today_time}</var>
<arg>${getdate}</arg>
<arg>result_format=%H%M%S</arg>
<doc>Converts between supported `date formats`.</doc>
<msg timestamp="20230110 15:44:41.564" level="INFO">${today_time} = 154441</msg>
<status status="PASS" starttime="20230110 15:44:41.563" endtime="20230110 15:44:41.564"/>
</kw>
<kw name="Convert Date" library="DateTime">
<var>${date_today}</var>
<arg>${getdate}</arg>
<arg>%d</arg>
<doc>Converts between supported `date formats`.</doc>
<msg timestamp="20230110 15:44:41.564" level="INFO">${date_today} = 10</msg>
<status status="PASS" starttime="20230110 15:44:41.564" endtime="20230110 15:44:41.564"/>
</kw>
<kw name="Convert Date" library="DateTime">
<var>${format_today}</var>
<arg>${getdate}</arg>
<arg>result_format=%d/%m/%Y</arg>
<doc>Converts between supported `date formats`.</doc>
<msg timestamp="20230110 15:44:41.564" level="INFO">${format_today} = 10/01/2023</msg>
<status status="PASS" starttime="20230110 15:44:41.564" endtime="20230110 15:44:41.564"/>
</kw>
<kw name="Convert Date" library="DateTime">
<var>${otp_today}</var>
<arg>${getdate}</arg>
<arg>result_format=%Y-%m-%d</arg>
<doc>Converts between supported `date formats`.</doc>
<msg timestamp="20230110 15:44:41.565" level="INFO">${otp_today} = 2023-01-10</msg>
<status status="PASS" starttime="20230110 15:44:41.564" endtime="20230110 15:44:41.565"/>
</kw>
<kw name="Convert Date" library="DateTime">
<var>${_today}</var>
<arg>${getdate}</arg>
<arg>result_format=%Y%m%d</arg>
<doc>Converts between supported `date formats`.</doc>
<msg timestamp="20230110 15:44:41.565" level="INFO">${_today} = 20230110</msg>
<status status="PASS" starttime="20230110 15:44:41.565" endtime="20230110 15:44:41.565"/>
</kw>
<kw name="Convert Date" library="DateTime">
<var>${_time2}</var>
<arg>${getdate} result_format=%m%d%H%M</arg>
<doc>Converts between supported `date formats`.</doc>
<msg timestamp="20230110 15:44:41.566" level="INFO">${_time2} = 2023-01-10 15:44:41.556</msg>
<status status="PASS" starttime="20230110 15:44:41.565" endtime="20230110 15:44:41.566"/>
</kw>
<kw name="Set Test Variable" library="BuiltIn">
<arg>${gen_Month}</arg>
<doc>Makes a variable available everywhere within the scope of the current test.</doc>
<msg timestamp="20230110 15:44:41.566" level="INFO">${gen_Month} = Jan</msg>
<status status="PASS" starttime="20230110 15:44:41.566" endtime="20230110 15:44:41.566"/>
</kw>
<kw name="Set Test Variable" library="BuiltIn">
<arg>${genDataDate}</arg>
<doc>Makes a variable available everywhere within the scope of the current test.</doc>
<msg timestamp="20230110 15:44:41.567" level="INFO">${genDataDate} = 20230110154441</msg>
<status status="PASS" starttime="20230110 15:44:41.566" endtime="20230110 15:44:41.567"/>
</kw>
<kw name="Set Test Variable" library="BuiltIn">
<arg>${initialShop}</arg>
<doc>Makes a variable available everywhere within the scope of the current test.</doc>
<msg timestamp="20230110 15:44:41.567" level="INFO">${initialShop} = 01101544</msg>
<status status="PASS" starttime="20230110 15:44:41.567" endtime="20230110 15:44:41.567"/>
</kw>
<kw name="Set Test Variable" library="BuiltIn">
<arg>${today_time}</arg>
<doc>Makes a variable available everywhere within the scope of the current test.</doc>
<msg timestamp="20230110 15:44:41.568" level="INFO">${today_time} = 154441</msg>
<status status="PASS" starttime="20230110 15:44:41.567" endtime="20230110 15:44:41.568"/>
</kw>
<kw name="Set Test Variable" library="BuiltIn">
<arg>${otp_today}</arg>
<doc>Makes a variable available everywhere within the scope of the current test.</doc>
<msg timestamp="20230110 15:44:41.568" level="INFO">${otp_today} = 2023-01-10</msg>
<status status="PASS" starttime="20230110 15:44:41.568" endtime="20230110 15:44:41.569"/>
</kw>
<kw name="Set Test Variable" library="BuiltIn">
<arg>${_today}</arg>
<doc>Makes a variable available everywhere within the scope of the current test.</doc>
<msg timestamp="20230110 15:44:41.570" level="INFO">${_today} = 20230110</msg>
<status status="PASS" starttime="20230110 15:44:41.569" endtime="20230110 15:44:41.570"/>
</kw>
<kw name="Set Test Variable" library="BuiltIn">
<arg>${_time2}</arg>
<doc>Makes a variable available everywhere within the scope of the current test.</doc>
<msg timestamp="20230110 15:44:41.570" level="INFO">${_time2} = 2023-01-10 15:44:41.556</msg>
<status status="PASS" starttime="20230110 15:44:41.570" endtime="20230110 15:44:41.570"/>
</kw>
<kw name="Set Test Variable" library="BuiltIn">
<arg>${date_today}</arg>
<doc>Makes a variable available everywhere within the scope of the current test.</doc>
<msg timestamp="20230110 15:44:41.571" level="INFO">${date_today} = 10</msg>
<status status="PASS" starttime="20230110 15:44:41.570" endtime="20230110 15:44:41.571"/>
</kw>
<kw name="Convert To Integer" library="BuiltIn">
<var>${date_today}</var>
<arg>${date_today}</arg>
<doc>Converts the given item to an integer number.</doc>
<msg timestamp="20230110 15:44:41.572" level="INFO">${date_today} = 10</msg>
<status status="PASS" starttime="20230110 15:44:41.571" endtime="20230110 15:44:41.572"/>
</kw>
<kw name="Set Test Variable" library="BuiltIn">
<arg>${date_today}</arg>
<doc>Makes a variable available everywhere within the scope of the current test.</doc>
<msg timestamp="20230110 15:44:41.572" level="INFO">${date_today} = 10</msg>
<status status="PASS" starttime="20230110 15:44:41.572" endtime="20230110 15:44:41.572"/>
</kw>
<kw name="Set Test Variable" library="BuiltIn">
<arg>${format_today}</arg>
<doc>Makes a variable available everywhere within the scope of the current test.</doc>
<msg timestamp="20230110 15:44:41.572" level="INFO">${format_today} = 10/01/2023</msg>
<status status="PASS" starttime="20230110 15:44:41.572" endtime="20230110 15:44:41.572"/>
</kw>
<status status="PASS" starttime="20230110 15:44:41.555" endtime="20230110 15:44:41.572"/>
</kw>
<status status="PASS" starttime="20230110 15:44:41.504" endtime="20230110 15:44:41.572"/>
</kw>
<kw name="Wait Until Keyword Succeeds" library="BuiltIn">
<var>${file}</var>
<arg>1 min</arg>
<arg>5 sec</arg>
<arg>Download should be done</arg>
<arg>${path_download}</arg>
<doc>Runs the specified keyword and retries if it fails.</doc>
<kw name="Download should be done" library="MyCorporate_Common_Keywords">
<arg>${path_download}</arg>
<kw name="List Files In Directory" library="OperatingSystem">
<var>${files}</var>
<arg>${path_download}</arg>
<doc>Wrapper for `List Directory` that returns only files.</doc>
<msg timestamp="20230110 15:44:41.574" level="INFO" html="true">Listing contents of directory '&lt;a href="file://C:\Users\nerubon\Desktop\CCIS_total\taas-at-fine-esd-ccis\Resources\Keywords\Download"&gt;C:\Users\nerubon\Desktop\CCIS_total\taas-at-fine-esd-ccis\Resources\Keywords\Download&lt;/a&gt;'.</msg>
<msg timestamp="20230110 15:44:41.574" level="INFO">0 files:
</msg>
<msg timestamp="20230110 15:44:41.574" level="INFO">${files} = []</msg>
<status status="PASS" starttime="20230110 15:44:41.573" endtime="20230110 15:44:41.574"/>
</kw>
<kw name="Length Should Be" library="BuiltIn">
<arg>${files}</arg>
<arg>1</arg>
<doc>Verifies that the length of the given item is correct.</doc>
<msg timestamp="20230110 15:44:41.574" level="INFO">Length is 0</msg>
<msg timestamp="20230110 15:44:41.575" level="FAIL">Length of '[]' should be 1 but is 0.</msg>
<status status="FAIL" starttime="20230110 15:44:41.574" endtime="20230110 15:44:41.575"/>
</kw>
<kw name="Set Variable" library="BuiltIn">
<var>${file_name}</var>
<arg>${files[${0}]}</arg>
<doc>Returns the given values which can then be assigned to a variables.</doc>
<status status="NOT RUN" starttime="20230110 15:44:41.576" endtime="20230110 15:44:41.576"/>
</kw>
<kw name="Set Test Variable" library="BuiltIn">
<arg>${file_name}</arg>
<doc>Makes a variable available everywhere within the scope of the current test.</doc>
<status status="NOT RUN" starttime="20230110 15:44:41.576" endtime="20230110 15:44:41.576"/>
</kw>
<status status="FAIL" starttime="20230110 15:44:41.573" endtime="20230110 15:44:41.576"/>
</kw>
<kw name="Download should be done" library="MyCorporate_Common_Keywords">
<arg>${path_download}</arg>
<kw name="List Files In Directory" library="OperatingSystem">
<var>${files}</var>
<arg>${path_download}</arg>
<doc>Wrapper for `List Directory` that returns only files.</doc>
<msg timestamp="20230110 15:44:46.577" level="INFO" html="true">Listing contents of directory '&lt;a href="file://C:\Users\nerubon\Desktop\CCIS_total\taas-at-fine-esd-ccis\Resources\Keywords\Download"&gt;C:\Users\nerubon\Desktop\CCIS_total\taas-at-fine-esd-ccis\Resources\Keywords\Download&lt;/a&gt;'.</msg>
<msg timestamp="20230110 15:44:46.577" level="INFO">1 file:
DBDProfileExport_20230110_154441.xlsx</msg>
<msg timestamp="20230110 15:44:46.578" level="INFO">${files} = ['DBDProfileExport_20230110_154441.xlsx']</msg>
<status status="PASS" starttime="20230110 15:44:46.577" endtime="20230110 15:44:46.578"/>
</kw>
<kw name="Length Should Be" library="BuiltIn">
<arg>${files}</arg>
<arg>1</arg>
<doc>Verifies that the length of the given item is correct.</doc>
<msg timestamp="20230110 15:44:46.578" level="INFO">Length is 1</msg>
<status status="PASS" starttime="20230110 15:44:46.578" endtime="20230110 15:44:46.578"/>
</kw>
<kw name="Set Variable" library="BuiltIn">
<var>${file_name}</var>
<arg>${files[${0}]}</arg>
<doc>Returns the given values which can then be assigned to a variables.</doc>
<msg timestamp="20230110 15:44:46.594" level="INFO">${file_name} = DBDProfileExport_20230110_154441.xlsx</msg>
<status status="PASS" starttime="20230110 15:44:46.578" endtime="20230110 15:44:46.594"/>
</kw>
<kw name="Set Test Variable" library="BuiltIn">
<arg>${file_name}</arg>
<doc>Makes a variable available everywhere within the scope of the current test.</doc>
<msg timestamp="20230110 15:44:46.594" level="INFO">${file_name} = DBDProfileExport_20230110_154441.xlsx</msg>
<status status="PASS" starttime="20230110 15:44:46.594" endtime="20230110 15:44:46.594"/>
</kw>
<status status="PASS" starttime="20230110 15:44:46.576" endtime="20230110 15:44:46.594"/>
</kw>
<msg timestamp="20230110 15:44:46.594" level="INFO">${file} = None</msg>
<status status="PASS" starttime="20230110 15:44:41.573" endtime="20230110 15:44:46.594"/>
</kw>
<kw name="Join Path" library="OperatingSystem">
<var>${path_download}</var>
<arg>${path_download}</arg>
<arg>${file_name}</arg>
<doc>Joins the given path part(s) to the given base path.</doc>
<msg timestamp="20230110 15:44:46.595" level="INFO">${path_download} = ..\Resources\Keywords\Download\DBDProfileExport_20230110_154441.xlsx</msg>
<status status="PASS" starttime="20230110 15:44:46.594" endtime="20230110 15:44:46.595"/>
</kw>
<kw name="Join Path" library="OperatingSystem">
<var>${path_logdownload}</var>
<arg>${path_logdownload}</arg>
<arg>${file_name}</arg>
<doc>Joins the given path part(s) to the given base path.</doc>
<msg timestamp="20230110 15:44:46.595" level="INFO">${path_logdownload} = ..\Resources\Test_Data\Download_log\DBDProfileExport_20230110_154441.xlsx</msg>
<status status="PASS" starttime="20230110 15:44:46.595" endtime="20230110 15:44:46.595"/>
</kw>
<kw name="Split String" library="String">
<var>@{Data}</var>
<arg>${file_name}</arg>
<arg>_</arg>
<doc>Splits the ``string`` using ``separator`` as a delimiter string.</doc>
<msg timestamp="20230110 15:44:46.595" level="INFO">@{Data} = [ DBDProfileExport | 20230110 | 154441.xlsx ]</msg>
<status status="PASS" starttime="20230110 15:44:46.595" endtime="20230110 15:44:46.595"/>
</kw>
<kw name="Should Be True" library="BuiltIn">
<arg>'${Data[${0}]}' == '${FilenameExport}'</arg>
<doc>Fails if the given condition is not true.</doc>
<status status="PASS" starttime="20230110 15:44:46.596" endtime="20230110 15:44:46.639"/>
</kw>
<kw name="Should Be True" library="BuiltIn">
<arg>'${Data[${1}]}' == '${_today}'</arg>
<doc>Fails if the given condition is not true.</doc>
<status status="PASS" starttime="20230110 15:44:46.639" endtime="20230110 15:44:46.688"/>
</kw>
<kw name="Split String" library="String">
<var>@{Data}</var>
<arg>${Data[${2}]}</arg>
<arg>.</arg>
<doc>Splits the ``string`` using ``separator`` as a delimiter string.</doc>
<msg timestamp="20230110 15:44:46.714" level="INFO">@{Data} = [ 154441 | xlsx ]</msg>
<status status="PASS" starttime="20230110 15:44:46.688" endtime="20230110 15:44:46.714"/>
</kw>
<kw name="Get Length" library="BuiltIn">
<var>${getdata_count}</var>
<arg>${Data[${0}]}</arg>
<doc>Returns and logs the length of the given item as an integer.</doc>
<msg timestamp="20230110 15:44:46.746" level="INFO">Length is 6</msg>
<msg timestamp="20230110 15:44:46.746" level="INFO">${getdata_count} = 6</msg>
<status status="PASS" starttime="20230110 15:44:46.714" endtime="20230110 15:44:46.746"/>
</kw>
<kw name="Should Be True" library="BuiltIn">
<arg>'${getdata_count}' == '6'</arg>
<doc>Fails if the given condition is not true.</doc>
<status status="PASS" starttime="20230110 15:44:46.746" endtime="20230110 15:44:46.746"/>
</kw>
<kw name="Move File" library="OperatingSystem">
<arg>${path_download}</arg>
<arg>${path_logdownload}</arg>
<doc>Moves the source file into the destination.</doc>
<msg timestamp="20230110 15:44:46.749" level="INFO" html="true">Moved file from '&lt;a href="file://C:\Users\nerubon\Desktop\CCIS_total\taas-at-fine-esd-ccis\Resources\Keywords\Download\DBDProfileExport_20230110_154441.xlsx"&gt;C:\Users\nerubon\Desktop\CCIS_total\taas-at-fine-esd-ccis\Resources\Keywords\Download\DBDProfileExport_20230110_154441.xlsx&lt;/a&gt;' to '&lt;a href="file://C:\Users\nerubon\Desktop\CCIS_total\taas-at-fine-esd-ccis\Resources\Test_Data\Download_log\DBDProfileExport_20230110_154441.xlsx"&gt;C:\Users\nerubon\Desktop\CCIS_total\taas-at-fine-esd-ccis\Resources\Test_Data\Download_log\DBDProfileExport_20230110_154441.xlsx&lt;/a&gt;'.</msg>
<status status="PASS" starttime="20230110 15:44:46.746" endtime="20230110 15:44:46.749"/>
</kw>
<status status="PASS" starttime="20230110 15:44:41.480" endtime="20230110 15:44:46.750"/>
</kw>
<kw name="Capture Page Screenshot" library="Selenium2Library">
<doc>Takes a screenshot of the current page and embeds it into a log file.</doc>
<msg timestamp="20230110 15:44:46.998" level="INFO" html="true">&lt;/td&gt;&lt;/tr&gt;&lt;tr&gt;&lt;td colspan="3"&gt;&lt;a href="selenium-screenshot-3.png"&gt;&lt;img src="selenium-screenshot-3.png" width="800px"&gt;&lt;/a&gt;</msg>
<status status="PASS" starttime="20230110 15:44:46.750" endtime="20230110 15:44:46.998"/>
</kw>
<doc>TEST DESCRIPTION:
MyCorporate - DBD Profile 

TEST STEPS:
1. ระบุ Keyword ที่ช่อง Search : "0105556096057"
2. คลิกปุ่ม Search
3. คลิกปุ่ม Export 

expected_result_udf
หน้าจอ Panel Result
-&gt; ปุ่ม Export
EXPECTED RESULT:
-&gt; Export ข้อมูลออกมาเป็นไฟล์ Excel (Format : DBDProfileExport_YYYYMMDD_HH24miss.xlsx)</doc>
<tag>pattp070121001_003</tag>
<status status="PASS" starttime="20230110 15:44:41.479" endtime="20230110 15:44:46.999"/>
</test>
<test id="s1-t4" name="MyCorporate_DBDProfile_pattp070121001_004" line="110">
<kw name="Click Element :" library="MyCorporate_Common_Keywords">
<arg>${magnifyingGlass}</arg>
<kw name="Wait Until Element Is Visible" library="Selenium2Library">
<arg>${Local}</arg>
<arg>120s</arg>
<doc>Waits until the element ``locator`` is visible.</doc>
<status status="PASS" starttime="20230110 15:44:47.003" endtime="20230110 15:44:47.048"/>
</kw>
<kw name="Wait Until Page Contains Element" library="Selenium2Library">
<arg>${Local}</arg>
<arg>60s</arg>
<doc>Waits until the element ``locator`` appears on the current page.</doc>
<status status="PASS" starttime="20230110 15:44:47.048" endtime="20230110 15:44:47.062"/>
</kw>
<kw name="Scroll Element Into View" library="Selenium2Library">
<arg>${Local}</arg>
<doc>Scrolls the element identified by ``locator`` into view.</doc>
<status status="PASS" starttime="20230110 15:44:47.063" endtime="20230110 15:44:47.364"/>
</kw>
<kw name="Click Element" library="Selenium2Library">
<arg>${Local}</arg>
<doc>Click the element identified by ``locator``.</doc>
<msg timestamp="20230110 15:44:47.364" level="INFO">Clicking element '//a[contains(@class,'btn btn-info btn-true')]'.</msg>
<status status="PASS" starttime="20230110 15:44:47.364" endtime="20230110 15:44:47.443"/>
</kw>
<kw name="Wait Loading screen Is Visible and Not Visible" library="MyCorporate_Common_Keywords">
<kw name="Run Keywords" library="BuiltIn">
<arg>Run Keyword And Ignore Error</arg>
<arg>Wait Until Page Contains Element</arg>
<arg>class:loading</arg>
<arg>15s</arg>
<arg>AND</arg>
<arg>Wait Until Element Is Not Visible</arg>
<arg>class:loading</arg>
<arg>240s</arg>
<doc>Executes all the given keywords in a sequence.</doc>
<kw name="Run Keyword And Ignore Error" library="BuiltIn">
<arg>Wait Until Page Contains Element</arg>
<arg>class:loading</arg>
<arg>15s</arg>
<doc>Runs the given keyword with the given arguments and ignores possible error.</doc>
<kw name="Wait Until Page Contains Element" library="Selenium2Library">
<arg>class:loading</arg>
<arg>15s</arg>
<doc>Waits until the element ``locator`` appears on the current page.</doc>
<status status="PASS" starttime="20230110 15:44:47.446" endtime="20230110 15:44:47.460"/>
</kw>
<status status="PASS" starttime="20230110 15:44:47.445" endtime="20230110 15:44:47.460"/>
</kw>
<kw name="Wait Until Element Is Not Visible" library="Selenium2Library">
<arg>class:loading</arg>
<arg>240s</arg>
<doc>Waits until the element ``locator`` is not visible.</doc>
<status status="PASS" starttime="20230110 15:44:47.461" endtime="20230110 15:44:47.485"/>
</kw>
<status status="PASS" starttime="20230110 15:44:47.444" endtime="20230110 15:44:47.486"/>
</kw>
<status status="PASS" starttime="20230110 15:44:47.443" endtime="20230110 15:44:47.486"/>
</kw>
<status status="PASS" starttime="20230110 15:44:47.002" endtime="20230110 15:44:47.486"/>
</kw>
<kw name="Validate List Data And Should Be Visible :" library="MyCorporate_Common_Keywords">
<arg>${list_verify_ResultDetail}</arg>
<kw name="Get Length" library="BuiltIn">
<var>${Length_listData}</var>
<arg>${listData}</arg>
<doc>Returns and logs the length of the given item as an integer.</doc>
<msg timestamp="20230110 15:44:47.488" level="INFO">Length is 5</msg>
<msg timestamp="20230110 15:44:47.488" level="INFO">${Length_listData} = 5</msg>
<status status="PASS" starttime="20230110 15:44:47.487" endtime="20230110 15:44:47.488"/>
</kw>
<kw name="Set Test Variable" library="BuiltIn">
<arg>${listData}</arg>
<doc>Makes a variable available everywhere within the scope of the current test.</doc>
<msg timestamp="20230110 15:44:47.488" level="INFO">${listData} = ['id:SearchPanel', "//button[@class='btn btn-info'][contains(.,'Back')]", 'id:DetailTabBtn', 'id:FinancialTabBtn', 'id:ContactTabBtn']</msg>
<status status="PASS" starttime="20230110 15:44:47.488" endtime="20230110 15:44:47.489"/>
</kw>
<kw name="Set Test Variable" library="BuiltIn">
<arg>${Length_listData}</arg>
<doc>Makes a variable available everywhere within the scope of the current test.</doc>
<msg timestamp="20230110 15:44:47.489" level="INFO">${Length_listData} = 5</msg>
<status status="PASS" starttime="20230110 15:44:47.489" endtime="20230110 15:44:47.489"/>
</kw>
<kw name="Validate Data Should Be Visible" library="MyCorporate_Common_Keywords">
<arg>${Length_listData}</arg>
<arg>${listData}</arg>
<for flavor="IN RANGE">
<var>${i}</var>
<value>${Length}</value>
<iter>
<var name="${i}">0</var>
<kw name="Log" library="BuiltIn">
<arg>${listdata[${i}]}</arg>
<doc>Logs the given message with the given level.</doc>
<msg timestamp="20230110 15:44:47.510" level="INFO">id:SearchPanel</msg>
<status status="PASS" starttime="20230110 15:44:47.491" endtime="20230110 15:44:47.511"/>
</kw>
<kw name="Wait Until Element and Should Be Visible" library="MyCorporate_Common_Keywords">
<arg>${listdata[${i}]}</arg>
<kw name="Wait Until Element Is Visible" library="Selenium2Library">
<arg>${locator}</arg>
<arg>60s</arg>
<doc>Waits until the element ``locator`` is visible.</doc>
<status status="PASS" starttime="20230110 15:44:47.531" endtime="20230110 15:44:47.578"/>
</kw>
<kw name="Element Should Be Visible" library="Selenium2Library">
<arg>${locator}</arg>
<arg>60s</arg>
<doc>Verifies that the element identified by ``locator`` is visible.</doc>
<msg timestamp="20230110 15:44:47.613" level="INFO">Element 'id:SearchPanel' is displayed.</msg>
<status status="PASS" starttime="20230110 15:44:47.579" endtime="20230110 15:44:47.613"/>
</kw>
<kw name="Page Should Contain Element" library="Selenium2Library">
<arg>${locator}</arg>
<arg>60s</arg>
<doc>Verifies that element ``locator`` is found on the current page.</doc>
<msg timestamp="20230110 15:44:47.626" level="INFO">Current page contains element 'id:SearchPanel'.</msg>
<status status="PASS" starttime="20230110 15:44:47.613" endtime="20230110 15:44:47.626"/>
</kw>
<status status="PASS" starttime="20230110 15:44:47.511" endtime="20230110 15:44:47.627"/>
</kw>
<status status="PASS" starttime="20230110 15:44:47.491" endtime="20230110 15:44:47.627"/>
</iter>
<iter>
<var name="${i}">1</var>
<kw name="Log" library="BuiltIn">
<arg>${listdata[${i}]}</arg>
<doc>Logs the given message with the given level.</doc>
<msg timestamp="20230110 15:44:47.658" level="INFO">//button[@class='btn btn-info'][contains(.,'Back')]</msg>
<status status="PASS" starttime="20230110 15:44:47.628" endtime="20230110 15:44:47.658"/>
</kw>
<kw name="Wait Until Element and Should Be Visible" library="MyCorporate_Common_Keywords">
<arg>${listdata[${i}]}</arg>
<kw name="Wait Until Element Is Visible" library="Selenium2Library">
<arg>${locator}</arg>
<arg>60s</arg>
<doc>Waits until the element ``locator`` is visible.</doc>
<status status="PASS" starttime="20230110 15:44:47.683" endtime="20230110 15:44:47.947"/>
</kw>
<kw name="Element Should Be Visible" library="Selenium2Library">
<arg>${locator}</arg>
<arg>60s</arg>
<doc>Verifies that the element identified by ``locator`` is visible.</doc>
<msg timestamp="20230110 15:44:47.972" level="INFO">Element '//button[@class='btn btn-info'][contains(.,'Back')]' is displayed.</msg>
<status status="PASS" starttime="20230110 15:44:47.947" endtime="20230110 15:44:47.972"/>
</kw>
<kw name="Page Should Contain Element" library="Selenium2Library">
<arg>${locator}</arg>
<arg>60s</arg>
<doc>Verifies that element ``locator`` is found on the current page.</doc>
<msg timestamp="20230110 15:44:47.983" level="INFO">Current page contains element '//button[@class='btn btn-info'][contains(.,'Back')]'.</msg>
<status status="PASS" starttime="20230110 15:44:47.973" endtime="20230110 15:44:47.984"/>
</kw>
<status status="PASS" starttime="20230110 15:44:47.658" endtime="20230110 15:44:47.984"/>
</kw>
<status status="PASS" starttime="20230110 15:44:47.628" endtime="20230110 15:44:47.984"/>
</iter>
<iter>
<var name="${i}">2</var>
<kw name="Log" library="BuiltIn">
<arg>${listdata[${i}]}</arg>
<doc>Logs the given message with the given level.</doc>
<msg timestamp="20230110 15:44:48.010" level="INFO">id:DetailTabBtn</msg>
<status status="PASS" starttime="20230110 15:44:47.985" endtime="20230110 15:44:48.010"/>
</kw>
<kw name="Wait Until Element and Should Be Visible" library="MyCorporate_Common_Keywords">
<arg>${listdata[${i}]}</arg>
<kw name="Wait Until Element Is Visible" library="Selenium2Library">
<arg>${locator}</arg>
<arg>60s</arg>
<doc>Waits until the element ``locator`` is visible.</doc>
<status status="PASS" starttime="20230110 15:44:48.025" endtime="20230110 15:44:48.054"/>
</kw>
<kw name="Element Should Be Visible" library="Selenium2Library">
<arg>${locator}</arg>
<arg>60s</arg>
<doc>Verifies that the element identified by ``locator`` is visible.</doc>
<msg timestamp="20230110 15:44:48.072" level="INFO">Element 'id:DetailTabBtn' is displayed.</msg>
<status status="PASS" starttime="20230110 15:44:48.054" endtime="20230110 15:44:48.072"/>
</kw>
<kw name="Page Should Contain Element" library="Selenium2Library">
<arg>${locator}</arg>
<arg>60s</arg>
<doc>Verifies that element ``locator`` is found on the current page.</doc>
<msg timestamp="20230110 15:44:48.083" level="INFO">Current page contains element 'id:DetailTabBtn'.</msg>
<status status="PASS" starttime="20230110 15:44:48.072" endtime="20230110 15:44:48.083"/>
</kw>
<status status="PASS" starttime="20230110 15:44:48.010" endtime="20230110 15:44:48.083"/>
</kw>
<status status="PASS" starttime="20230110 15:44:47.984" endtime="20230110 15:44:48.083"/>
</iter>
<iter>
<var name="${i}">3</var>
<kw name="Log" library="BuiltIn">
<arg>${listdata[${i}]}</arg>
<doc>Logs the given message with the given level.</doc>
<msg timestamp="20230110 15:44:48.097" level="INFO">id:FinancialTabBtn</msg>
<status status="PASS" starttime="20230110 15:44:48.083" endtime="20230110 15:44:48.097"/>
</kw>
<kw name="Wait Until Element and Should Be Visible" library="MyCorporate_Common_Keywords">
<arg>${listdata[${i}]}</arg>
<kw name="Wait Until Element Is Visible" library="Selenium2Library">
<arg>${locator}</arg>
<arg>60s</arg>
<doc>Waits until the element ``locator`` is visible.</doc>
<status status="PASS" starttime="20230110 15:44:48.112" endtime="20230110 15:44:48.141"/>
</kw>
<kw name="Element Should Be Visible" library="Selenium2Library">
<arg>${locator}</arg>
<arg>60s</arg>
<doc>Verifies that the element identified by ``locator`` is visible.</doc>
<msg timestamp="20230110 15:44:48.169" level="INFO">Element 'id:FinancialTabBtn' is displayed.</msg>
<status status="PASS" starttime="20230110 15:44:48.142" endtime="20230110 15:44:48.169"/>
</kw>
<kw name="Page Should Contain Element" library="Selenium2Library">
<arg>${locator}</arg>
<arg>60s</arg>
<doc>Verifies that element ``locator`` is found on the current page.</doc>
<msg timestamp="20230110 15:44:48.177" level="INFO">Current page contains element 'id:FinancialTabBtn'.</msg>
<status status="PASS" starttime="20230110 15:44:48.170" endtime="20230110 15:44:48.177"/>
</kw>
<status status="PASS" starttime="20230110 15:44:48.097" endtime="20230110 15:44:48.178"/>
</kw>
<status status="PASS" starttime="20230110 15:44:48.083" endtime="20230110 15:44:48.178"/>
</iter>
<iter>
<var name="${i}">4</var>
<kw name="Log" library="BuiltIn">
<arg>${listdata[${i}]}</arg>
<doc>Logs the given message with the given level.</doc>
<msg timestamp="20230110 15:44:48.190" level="INFO">id:ContactTabBtn</msg>
<status status="PASS" starttime="20230110 15:44:48.178" endtime="20230110 15:44:48.190"/>
</kw>
<kw name="Wait Until Element and Should Be Visible" library="MyCorporate_Common_Keywords">
<arg>${listdata[${i}]}</arg>
<kw name="Wait Until Element Is Visible" library="Selenium2Library">
<arg>${locator}</arg>
<arg>60s</arg>
<doc>Waits until the element ``locator`` is visible.</doc>
<status status="PASS" starttime="20230110 15:44:48.200" endtime="20230110 15:44:48.219"/>
</kw>
<kw name="Element Should Be Visible" library="Selenium2Library">
<arg>${locator}</arg>
<arg>60s</arg>
<doc>Verifies that the element identified by ``locator`` is visible.</doc>
<msg timestamp="20230110 15:44:48.234" level="INFO">Element 'id:ContactTabBtn' is displayed.</msg>
<status status="PASS" starttime="20230110 15:44:48.219" endtime="20230110 15:44:48.234"/>
</kw>
<kw name="Page Should Contain Element" library="Selenium2Library">
<arg>${locator}</arg>
<arg>60s</arg>
<doc>Verifies that element ``locator`` is found on the current page.</doc>
<msg timestamp="20230110 15:44:48.240" level="INFO">Current page contains element 'id:ContactTabBtn'.</msg>
<status status="PASS" starttime="20230110 15:44:48.234" endtime="20230110 15:44:48.240"/>
</kw>
<status status="PASS" starttime="20230110 15:44:48.191" endtime="20230110 15:44:48.241"/>
</kw>
<status status="PASS" starttime="20230110 15:44:48.178" endtime="20230110 15:44:48.241"/>
</iter>
<status status="PASS" starttime="20230110 15:44:47.490" endtime="20230110 15:44:48.241"/>
</for>
<status status="PASS" starttime="20230110 15:44:47.489" endtime="20230110 15:44:48.241"/>
</kw>
<status status="PASS" starttime="20230110 15:44:47.487" endtime="20230110 15:44:48.241"/>
</kw>
<kw name="Capture Page Screenshot" library="Selenium2Library">
<doc>Takes a screenshot of the current page and embeds it into a log file.</doc>
<msg timestamp="20230110 15:44:48.407" level="INFO" html="true">&lt;/td&gt;&lt;/tr&gt;&lt;tr&gt;&lt;td colspan="3"&gt;&lt;a href="selenium-screenshot-4.png"&gt;&lt;img src="selenium-screenshot-4.png" width="800px"&gt;&lt;/a&gt;</msg>
[...]
<arg>${listdata[${i}]}</arg>
<kw name="Wait Until Element Is Visible" library="Selenium2Library">
<arg>${locator}</arg>
<arg>60s</arg>
<doc>Waits until the element ``locator`` is visible.</doc>
<status status="PASS" starttime="20230110 15:45:23.019" endtime="20230110 15:45:23.051"/>
</kw>
<kw name="Element Should Be Visible" library="Selenium2Library">
<arg>${locator}</arg>
<arg>60s</arg>
<doc>Verifies that the element identified by ``locator`` is visible.</doc>
<msg timestamp="20230110 15:45:23.071" level="INFO">Element '(//th[@class='thead-padding text-center'][contains(.,'ชื่อ')])[2]' is displayed.</msg>
<status status="PASS" starttime="20230110 15:45:23.051" endtime="20230110 15:45:23.071"/>
</kw>
<kw name="Page Should Contain Element" library="Selenium2Library">
<arg>${locator}</arg>
<arg>60s</arg>
<doc>Verifies that element ``locator`` is found on the current page.</doc>
<msg timestamp="20230110 15:45:23.079" level="INFO">Current page contains element '(//th[@class='thead-padding text-center'][contains(.,'ชื่อ')])[2]'.</msg>
<status status="PASS" starttime="20230110 15:45:23.071" endtime="20230110 15:45:23.080"/>
</kw>
<status status="PASS" starttime="20230110 15:45:23.003" endtime="20230110 15:45:23.080"/>
</kw>
<status status="PASS" starttime="20230110 15:45:22.993" endtime="20230110 15:45:23.080"/>
</iter>
<iter>
<var name="${i}">2</var>
<kw name="Log" library="BuiltIn">
<arg>${listdata[${i}]}</arg>
<doc>Logs the given message with the given level.</doc>
<msg timestamp="20230110 15:45:23.093" level="INFO">//th[@class='thead-padding text-center'][contains(.,'นามสกุล')]</msg>
<status status="PASS" starttime="20230110 15:45:23.080" endtime="20230110 15:45:23.094"/>
</kw>
<kw name="Wait Until Element and Should Be Visible" library="MyCorporate_Common_Keywords">
<arg>${listdata[${i}]}</arg>
<kw name="Wait Until Element Is Visible" library="Selenium2Library">
<arg>${locator}</arg>
<arg>60s</arg>
<doc>Waits until the element ``locator`` is visible.</doc>
<status status="PASS" starttime="20230110 15:45:23.108" endtime="20230110 15:45:23.133"/>
</kw>
<kw name="Element Should Be Visible" library="Selenium2Library">
<arg>${locator}</arg>
<arg>60s</arg>
<doc>Verifies that the element identified by ``locator`` is visible.</doc>
<msg timestamp="20230110 15:45:23.151" level="INFO">Element '//th[@class='thead-padding text-center'][contains(.,'นามสกุล')]' is displayed.</msg>
<status status="PASS" starttime="20230110 15:45:23.133" endtime="20230110 15:45:23.151"/>
</kw>
<kw name="Page Should Contain Element" library="Selenium2Library">
<arg>${locator}</arg>
<arg>60s</arg>
<doc>Verifies that element ``locator`` is found on the current page.</doc>
<msg timestamp="20230110 15:45:23.160" level="INFO">Current page contains element '//th[@class='thead-padding text-center'][contains(.,'นามสกุล')]'.</msg>
<status status="PASS" starttime="20230110 15:45:23.151" endtime="20230110 15:45:23.160"/>
</kw>
<status status="PASS" starttime="20230110 15:45:23.094" endtime="20230110 15:45:23.160"/>
</kw>
<status status="PASS" starttime="20230110 15:45:23.080" endtime="20230110 15:45:23.160"/>
</iter>
<iter>
<var name="${i}">3</var>
<kw name="Log" library="BuiltIn">
<arg>${listdata[${i}]}</arg>
<doc>Logs the given message with the given level.</doc>
<msg timestamp="20230110 15:45:23.170" level="INFO">(//th[@class='thead-padding text-center'][contains(.,'ประเภท')])[2]</msg>
<status status="PASS" starttime="20230110 15:45:23.160" endtime="20230110 15:45:23.170"/>
</kw>
<kw name="Wait Until Element and Should Be Visible" library="MyCorporate_Common_Keywords">
<arg>${listdata[${i}]}</arg>
<kw name="Wait Until Element Is Visible" library="Selenium2Library">
<arg>${locator}</arg>
<arg>60s</arg>
<doc>Waits until the element ``locator`` is visible.</doc>
<status status="PASS" starttime="20230110 15:45:23.179" endtime="20230110 15:45:23.204"/>
</kw>
<kw name="Element Should Be Visible" library="Selenium2Library">
<arg>${locator}</arg>
<arg>60s</arg>
<doc>Verifies that the element identified by ``locator`` is visible.</doc>
<msg timestamp="20230110 15:45:23.223" level="INFO">Element '(//th[@class='thead-padding text-center'][contains(.,'ประเภท')])[2]' is displayed.</msg>
<status status="PASS" starttime="20230110 15:45:23.205" endtime="20230110 15:45:23.223"/>
</kw>
<kw name="Page Should Contain Element" library="Selenium2Library">
<arg>${locator}</arg>
<arg>60s</arg>
<doc>Verifies that element ``locator`` is found on the current page.</doc>
<msg timestamp="20230110 15:45:23.232" level="INFO">Current page contains element '(//th[@class='thead-padding text-center'][contains(.,'ประเภท')])[2]'.</msg>
<status status="PASS" starttime="20230110 15:45:23.223" endtime="20230110 15:45:23.232"/>
</kw>
<status status="PASS" starttime="20230110 15:45:23.170" endtime="20230110 15:45:23.232"/>
</kw>
<status status="PASS" starttime="20230110 15:45:23.160" endtime="20230110 15:45:23.232"/>
</iter>
<iter>
<var name="${i}">4</var>
<kw name="Log" library="BuiltIn">
<arg>${listdata[${i}]}</arg>
<doc>Logs the given message with the given level.</doc>
<msg timestamp="20230110 15:45:23.251" level="INFO">//th[@class='thead-padding text-center'][contains(.,'จำนวนหุ้นที่ถือ')]</msg>
<status status="PASS" starttime="20230110 15:45:23.233" endtime="20230110 15:45:23.251"/>
</kw>
<kw name="Wait Until Element and Should Be Visible" library="MyCorporate_Common_Keywords">
<arg>${listdata[${i}]}</arg>
<kw name="Wait Until Element Is Visible" library="Selenium2Library">
<arg>${locator}</arg>
<arg>60s</arg>
<doc>Waits until the element ``locator`` is visible.</doc>
<status status="PASS" starttime="20230110 15:45:23.259" endtime="20230110 15:45:23.284"/>
</kw>
<kw name="Element Should Be Visible" library="Selenium2Library">
<arg>${locator}</arg>
<arg>60s</arg>
<doc>Verifies that the element identified by ``locator`` is visible.</doc>
<msg timestamp="20230110 15:45:23.303" level="INFO">Element '//th[@class='thead-padding text-center'][contains(.,'จำนวนหุ้นที่ถือ')]' is displayed.</msg>
<status status="PASS" starttime="20230110 15:45:23.284" endtime="20230110 15:45:23.303"/>
</kw>
<kw name="Page Should Contain Element" library="Selenium2Library">
<arg>${locator}</arg>
<arg>60s</arg>
<doc>Verifies that element ``locator`` is found on the current page.</doc>
<msg timestamp="20230110 15:45:23.312" level="INFO">Current page contains element '//th[@class='thead-padding text-center'][contains(.,'จำนวนหุ้นที่ถือ')]'.</msg>
<status status="PASS" starttime="20230110 15:45:23.303" endtime="20230110 15:45:23.312"/>
</kw>
<status status="PASS" starttime="20230110 15:45:23.251" endtime="20230110 15:45:23.312"/>
</kw>
<status status="PASS" starttime="20230110 15:45:23.233" endtime="20230110 15:45:23.312"/>
</iter>
<status status="PASS" starttime="20230110 15:45:22.900" endtime="20230110 15:45:23.312"/>
</for>
<status status="PASS" starttime="20230110 15:45:22.899" endtime="20230110 15:45:23.312"/>
</kw>
<status status="PASS" starttime="20230110 15:45:22.896" endtime="20230110 15:45:23.312"/>
</kw>
<kw name="Validate float None :" library="MyCorporate_Common_Keywords">
<arg>${_contains_total}</arg>
<kw name="Get Text" library="Selenium2Library">
<var>${getdata}</var>
<arg>${dataTest}</arg>
<doc>Returns the text value of the element identified by ``locator``.</doc>
<msg timestamp="20230110 15:45:23.342" level="INFO">${getdata} = 1</msg>
<status status="PASS" starttime="20230110 15:45:23.313" endtime="20230110 15:45:23.342"/>
</kw>
<kw name="Evaluate" library="BuiltIn">
<var>${floatNone}</var>
<arg>"%.0f" % ${getdata}</arg>
<doc>Evaluates the given expression in Python and returns the result.</doc>
<msg timestamp="20230110 15:45:23.342" level="INFO">${floatNone} = 1</msg>
<status status="PASS" starttime="20230110 15:45:23.342" endtime="20230110 15:45:23.342"/>
</kw>
<kw name="Should Be True" library="BuiltIn">
<arg>'${getdata}' == '${floatNone}'</arg>
<doc>Fails if the given condition is not true.</doc>
<status status="PASS" starttime="20230110 15:45:23.342" endtime="20230110 15:45:23.343"/>
</kw>
<status status="PASS" starttime="20230110 15:45:23.313" endtime="20230110 15:45:23.343"/>
</kw>
<kw name="Capture Page Screenshot" library="Selenium2Library">
<doc>Takes a screenshot of the current page and embeds it into a log file.</doc>
<msg timestamp="20230110 15:45:23.494" level="INFO" html="true">&lt;/td&gt;&lt;/tr&gt;&lt;tr&gt;&lt;td colspan="3"&gt;&lt;a href="selenium-screenshot-12.png"&gt;&lt;img src="selenium-screenshot-12.png" width="800px"&gt;&lt;/a&gt;</msg>
<status status="PASS" starttime="20230110 15:45:23.343" endtime="20230110 15:45:23.494"/>
</kw>
<doc>TEST DESCRIPTION:
MyCorporate - DBD Profile 

TEST STEPS:
1. ระบุ Keyword ที่ช่อง Search : "0105556096057"
2. คลิกปุ่ม Search
3. คลิกปุ่ม แว่นขยาย
4. คลิก Tab รายชื่อกรรมการและผู้ถือหุ้น 

expected_result_udf
หน้า Result Detail
-&gt; Tab รายชื่อกรรมการและผู้ถือหุ้น
Expected Result
-&gt; ช่อง Search
-&gt; แสดงตารางข้อมูล ดังนี้
คำนำหน้า
ชื่อ
นามสกุล
ประเภท
จำนวนหุ้นที่ถือ (Format : currency ทศนิยม 0 ตำแหน่ง)</doc>
<tag>pattp070121001_012</tag>
<status status="PASS" starttime="20230110 15:45:21.369" endtime="20230110 15:45:23.494"/>
</test>
<test id="s1-t13" name="MyCorporate_DBDProfile_pattp070121001_013" line="506">
<kw name="Input Text :" library="MyCorporate_Common_Keywords">
<arg>${ContactFilter}</arg>
<arg>${Data_ContactName}</arg>
<kw name="Wait Until Element Is Visible" library="Selenium2Library">
<arg>${locator}</arg>
<arg>60s</arg>
<doc>Waits until the element ``locator`` is visible.</doc>
<status status="PASS" starttime="20230110 15:45:23.497" endtime="20230110 15:45:23.517"/>
</kw>
<kw name="Input Text" library="Selenium2Library">
<arg>${locator}</arg>
<arg>${inputData}</arg>
<doc>Types the given ``text`` into the text field identified by ``locator``.</doc>
<msg timestamp="20230110 15:45:23.518" level="INFO">Typing text 'สรายุทธ' into text field 'id:ContactFilter'.</msg>
<status status="PASS" starttime="20230110 15:45:23.518" endtime="20230110 15:45:23.639"/>
</kw>
<status status="PASS" starttime="20230110 15:45:23.496" endtime="20230110 15:45:23.639"/>
</kw>
<kw name="Validate Contact Filter in Table" library="MyCorporate_Common_Keywords">
<kw name="Wait Until Element Is Not Visible" library="Selenium2Library">
<arg>${checck_elerow2}</arg>
<arg>60s</arg>
<doc>Waits until the element ``locator`` is not visible.</doc>
<status status="PASS" starttime="20230110 15:45:23.639" endtime="20230110 15:45:23.656"/>
</kw>
<kw name="Wait Until Element Is Visible" library="Selenium2Library">
<arg>${_contains_name2}</arg>
<arg>60s</arg>
<doc>Waits until the element ``locator`` is visible.</doc>
<status status="PASS" starttime="20230110 15:45:23.656" endtime="20230110 15:45:23.685"/>
</kw>
<kw name="Create List" library="BuiltIn">
<var>@{list_locContact}</var>
<arg>${ContactBody}</arg>
<arg>${ContactBodyName}</arg>
<arg>${ContactSurname}</arg>
<arg>${ContactBodyType}</arg>
<arg>${ContactHold}</arg>
<doc>Returns a list containing given items.</doc>
<msg timestamp="20230110 15:45:23.686" level="INFO">@{list_locContact} = [ //*[@id="ContactBody"]/tr/td[1] | //*[@id="ContactBody"]/tr/td[2] | //*[@id="ContactBody"]/tr/td[3] | //*[@id="ContactBody"]/tr/td[4] | //*[@id="ContactBody"]/tr/td[5] ]</msg>
<status status="PASS" starttime="20230110 15:45:23.685" endtime="20230110 15:45:23.686"/>
</kw>
<kw name="Get Length" library="BuiltIn">
<var>${Length_list_locContact}</var>
<arg>${list_locContact}</arg>
<doc>Returns and logs the length of the given item as an integer.</doc>
<msg timestamp="20230110 15:45:23.686" level="INFO">Length is 5</msg>
<msg timestamp="20230110 15:45:23.686" level="INFO">${Length_list_locContact} = 5</msg>
<status status="PASS" starttime="20230110 15:45:23.686" endtime="20230110 15:45:23.686"/>
</kw>
<for flavor="IN RANGE">
<var>${i}</var>
<value>${Length_list_locContact}</value>
<iter>
<var name="${i}">0</var>
<kw name="Log" library="BuiltIn">
<arg>${list_locContact[${i}]}</arg>
<doc>Logs the given message with the given level.</doc>
<msg timestamp="20230110 15:45:23.698" level="INFO">//*[@id="ContactBody"]/tr/td[1]</msg>
<status status="PASS" starttime="20230110 15:45:23.687" endtime="20230110 15:45:23.698"/>
</kw>
<kw name="Get Text" library="Selenium2Library">
<var>${getdata}</var>
<arg>${list_locContact[${i}]}</arg>
<doc>Returns the text value of the element identified by ``locator``.</doc>
<msg timestamp="20230110 15:45:23.742" level="INFO">${getdata} = นาย</msg>
<status status="PASS" starttime="20230110 15:45:23.698" endtime="20230110 15:45:23.742"/>
</kw>
<kw name="Should Be True" library="BuiltIn">
<arg>'${getdata}' == '${DataContact[${i}]}'</arg>
<doc>Fails if the given condition is not true.</doc>
<status status="PASS" starttime="20230110 15:45:23.742" endtime="20230110 15:45:23.760"/>
</kw>
<status status="PASS" starttime="20230110 15:45:23.686" endtime="20230110 15:45:23.761"/>
</iter>
<iter>
<var name="${i}">1</var>
<kw name="Log" library="BuiltIn">
<arg>${list_locContact[${i}]}</arg>
<doc>Logs the given message with the given level.</doc>
<msg timestamp="20230110 15:45:23.780" level="INFO">//*[@id="ContactBody"]/tr/td[2]</msg>
<status status="PASS" starttime="20230110 15:45:23.761" endtime="20230110 15:45:23.780"/>
</kw>
<kw name="Get Text" library="Selenium2Library">
<var>${getdata}</var>
<arg>${list_locContact[${i}]}</arg>
<doc>Returns the text value of the element identified by ``locator``.</doc>
<msg timestamp="20230110 15:45:23.839" level="INFO">${getdata} = สรายุทธ</msg>
<status status="PASS" starttime="20230110 15:45:23.780" endtime="20230110 15:45:23.839"/>
</kw>
<kw name="Should Be True" library="BuiltIn">
<arg>'${getdata}' == '${DataContact[${i}]}'</arg>
<doc>Fails if the given condition is not true.</doc>
<status status="PASS" starttime="20230110 15:45:23.839" endtime="20230110 15:45:23.849"/>
</kw>
<status status="PASS" starttime="20230110 15:45:23.761" endtime="20230110 15:45:23.849"/>
</iter>
<iter>
<var name="${i}">2</var>
<kw name="Log" library="BuiltIn">
<arg>${list_locContact[${i}]}</arg>
<doc>Logs the given message with the given level.</doc>
<msg timestamp="20230110 15:45:23.859" level="INFO">//*[@id="ContactBody"]/tr/td[3]</msg>
<status status="PASS" starttime="20230110 15:45:23.849" endtime="20230110 15:45:23.859"/>
</kw>
<kw name="Get Text" library="Selenium2Library">
<var>${getdata}</var>
<arg>${list_locContact[${i}]}</arg>
<doc>Returns the text value of the element identified by ``locator``.</doc>
<msg timestamp="20230110 15:45:23.901" level="INFO">${getdata} = จิตต์ประเสริฐงาม</msg>
<status status="PASS" starttime="20230110 15:45:23.859" endtime="20230110 15:45:23.901"/>
</kw>
<kw name="Should Be True" library="BuiltIn">
<arg>'${getdata}' == '${DataContact[${i}]}'</arg>
<doc>Fails if the given condition is not true.</doc>
<status status="PASS" starttime="20230110 15:45:23.901" endtime="20230110 15:45:23.912"/>
</kw>
<status status="PASS" starttime="20230110 15:45:23.849" endtime="20230110 15:45:23.912"/>
</iter>
<iter>
<var name="${i}">3</var>
<kw name="Log" library="BuiltIn">
<arg>${list_locContact[${i}]}</arg>
<doc>Logs the given message with the given level.</doc>
<msg timestamp="20230110 15:45:23.923" level="INFO">//*[@id="ContactBody"]/tr/td[4]</msg>
<status status="PASS" starttime="20230110 15:45:23.912" endtime="20230110 15:45:23.923"/>
</kw>
<kw name="Get Text" library="Selenium2Library">
<var>${getdata}</var>
<arg>${list_locContact[${i}]}</arg>
<doc>Returns the text value of the element identified by ``locator``.</doc>
<msg timestamp="20230110 15:45:23.963" level="INFO">${getdata} = กรรมการ</msg>
<status status="PASS" starttime="20230110 15:45:23.923" endtime="20230110 15:45:23.963"/>
</kw>
<kw name="Should Be True" library="BuiltIn">
<arg>'${getdata}' == '${DataContact[${i}]}'</arg>
<doc>Fails if the given condition is not true.</doc>
<status status="PASS" starttime="20230110 15:45:23.963" endtime="20230110 15:45:23.973"/>
</kw>
<status status="PASS" starttime="20230110 15:45:23.912" endtime="20230110 15:45:23.973"/>
</iter>
<iter>
<var name="${i}">4</var>
<kw name="Log" library="BuiltIn">
<arg>${list_locContact[${i}]}</arg>
<doc>Logs the given message with the given level.</doc>
<msg timestamp="20230110 15:45:23.984" level="INFO">//*[@id="ContactBody"]/tr/td[5]</msg>
<status status="PASS" starttime="20230110 15:45:23.973" endtime="20230110 15:45:23.984"/>
</kw>
<kw name="Get Text" library="Selenium2Library">
<var>${getdata}</var>
<arg>${list_locContact[${i}]}</arg>
<doc>Returns the text value of the element identified by ``locator``.</doc>
<msg timestamp="20230110 15:45:24.035" level="INFO">${getdata} = </msg>
<status status="PASS" starttime="20230110 15:45:23.985" endtime="20230110 15:45:24.035"/>
</kw>
<kw name="Should Be True" library="BuiltIn">
<arg>'${getdata}' == '${DataContact[${i}]}'</arg>
<doc>Fails if the given condition is not true.</doc>
<status status="PASS" starttime="20230110 15:45:24.035" endtime="20230110 15:45:24.045"/>
</kw>
<status status="PASS" starttime="20230110 15:45:23.973" endtime="20230110 15:45:24.045"/>
</iter>
<status status="PASS" starttime="20230110 15:45:23.686" endtime="20230110 15:45:24.045"/>
</for>
<status status="PASS" starttime="20230110 15:45:23.639" endtime="20230110 15:45:24.045"/>
</kw>
<kw name="Capture Page Screenshot" library="Selenium2Library">
<doc>Takes a screenshot of the current page and embeds it into a log file.</doc>
<msg timestamp="20230110 15:45:24.201" level="INFO" html="true">&lt;/td&gt;&lt;/tr&gt;&lt;tr&gt;&lt;td colspan="3"&gt;&lt;a href="selenium-screenshot-13.png"&gt;&lt;img src="selenium-screenshot-13.png" width="800px"&gt;&lt;/a&gt;</msg>
<status status="PASS" starttime="20230110 15:45:24.046" endtime="20230110 15:45:24.202"/>
</kw>
<doc>TEST DESCRIPTION:
MyCorporate - DBD Profile 

TEST STEPS:
1. ระบุ Keyword ที่ช่อง Search : "0105556096057"
2. คลิกปุ่ม Search
3. คลิกปุ่ม แว่นขยาย
4. คลิก Tab รายชื่อกรรมการและผู้ถือหุ้น
5. ระบุ Keyword ที่ช่อง Search : "สรายุทธ" 

expected_result_udf
หน้า Result Detail
-&gt; ช่อง Search
Expected Result
-&gt; Filter ข้อมูลในตาราง โดย Filter จาก Column คำนำหน้า, ชื่อ, นามสกุล, ประเภท</doc>
<tag>pattp070121001_013</tag>
<status status="PASS" starttime="20230110 15:45:23.495" endtime="20230110 15:45:24.202"/>
</test>
<doc>Regression_Test_MyCorporate_DBD_Profile</doc>
<meta name="Version 1.0.0"/>
<status status="PASS" starttime="20230110 15:44:15.860" endtime="20230110 15:45:24.203"/>
</suite>
<statistics>
<total>
<stat pass="13" fail="0" skip="0">All Tests</stat>
</total>
<tag>
<stat pass="1" fail="0" skip="0">pattp070121001_001</stat>
<stat pass="1" fail="0" skip="0">pattp070121001_002</stat>
<stat pass="1" fail="0" skip="0">pattp070121001_003</stat>
<stat pass="1" fail="0" skip="0">pattp070121001_004</stat>
<stat pass="1" fail="0" skip="0">pattp070121001_005</stat>
<stat pass="1" fail="0" skip="0">pattp070121001_006</stat>
<stat pass="1" fail="0" skip="0">pattp070121001_007</stat>
<stat pass="1" fail="0" skip="0">pattp070121001_008</stat>
<stat pass="1" fail="0" skip="0">pattp070121001_009</stat>
<stat pass="1" fail="0" skip="0">pattp070121001_010</stat>
<stat pass="1" fail="0" skip="0">pattp070121001_011</stat>
<stat pass="1" fail="0" skip="0">pattp070121001_012</stat>
<stat pass="1" fail="0" skip="0">pattp070121001_013</stat>
</tag>
<suite>
<stat pass="13" fail="0" skip="0" id="s1" name="Regression Test MyCorporate DBD Profile">Regression Test MyCorporate DBD Profile</stat>
</suite>
</statistics>
<errors>
</errors>
</robot>
